<?xml version="1.0" encoding="UTF-8"?>
<coverage generated="1752349171852" clover="3.2.0">
  <project timestamp="1752349171852" name="All files">
    <metrics statements="283" coveredstatements="227" conditionals="191" coveredconditionals="124" methods="51" coveredmethods="33" elements="525" coveredelements="384" complexity="0" loc="283" ncloc="283" packages="5" files="10" classes="10"/>
    <package name="src">
      <metrics statements="2" coveredstatements="0" conditionals="0" coveredconditionals="0" methods="0" coveredmethods="0"/>
      <file name="index.tsx" path="/home/estevan/Documents/workspace/emiteai_project_complete/frontend/src/index.tsx">
        <metrics statements="2" coveredstatements="0" conditionals="0" coveredconditionals="0" methods="0" coveredmethods="0"/>
        <line num="5" count="0" type="stmt"/>
        <line num="6" count="0" type="stmt"/>
      </file>
    </package>
    <package name="src.app">
      <metrics statements="3" coveredstatements="1" conditionals="0" coveredconditionals="0" methods="1" coveredmethods="1"/>
      <file name="App.tsx" path="/home/estevan/Documents/workspace/emiteai_project_complete/frontend/src/app/App.tsx">
        <metrics statements="1" coveredstatements="1" conditionals="0" coveredconditionals="0" methods="1" coveredmethods="1"/>
        <line num="9" count="7" type="stmt"/>
      </file>
      <file name="index.tsx" path="/home/estevan/Documents/workspace/emiteai_project_complete/frontend/src/app/index.tsx">
        <metrics statements="2" coveredstatements="0" conditionals="0" coveredconditionals="0" methods="0" coveredmethods="0"/>
        <line num="5" count="0" type="stmt"/>
        <line num="6" count="0" type="stmt"/>
      </file>
    </package>
    <package name="src.app.components">
      <metrics statements="22" coveredstatements="19" conditionals="14" coveredconditionals="5" methods="4" coveredmethods="1"/>
      <file name="Layout.tsx" path="/home/estevan/Documents/workspace/emiteai_project_complete/frontend/src/app/components/Layout.tsx">
        <metrics statements="2" coveredstatements="2" conditionals="8" coveredconditionals="5" methods="1" coveredmethods="1"/>
        <line num="10" count="11" type="stmt"/>
        <line num="12" count="11" type="stmt"/>
      </file>
      <file name="StyledComponents.tsx" path="/home/estevan/Documents/workspace/emiteai_project_complete/frontend/src/app/components/StyledComponents.tsx">
        <metrics statements="20" coveredstatements="17" conditionals="6" coveredconditionals="0" methods="3" coveredmethods="0"/>
        <line num="5" count="2" type="stmt"/>
        <line num="14" count="2" type="stmt"/>
        <line num="22" count="2" type="stmt"/>
        <line num="34" count="2" type="stmt"/>
        <line num="65" count="2" type="stmt"/>
        <line num="89" count="2" type="stmt"/>
        <line num="95" count="2" type="stmt"/>
        <line num="102" count="2" type="stmt"/>
        <line num="112" count="2" type="stmt"/>
        <line num="122" count="2" type="stmt"/>
        <line num="137" count="2" type="stmt"/>
        <line num="144" count="2" type="stmt"/>
        <line num="158" count="2" type="stmt"/>
        <line num="164" count="2" type="stmt"/>
        <line num="170" count="2" type="stmt"/>
        <line num="192" count="2" type="stmt"/>
        <line num="204" count="2" type="stmt"/>
        <line num="205" count="0" type="cond" truecount="0" falsecount="2"/>
        <line num="209" count="0" type="cond" truecount="0" falsecount="2"/>
        <line num="211" count="0" type="cond" truecount="0" falsecount="2"/>
      </file>
    </package>
    <package name="src.app.pages">
      <metrics statements="251" coveredstatements="203" conditionals="175" coveredconditionals="118" methods="44" coveredmethods="30"/>
      <file name="AuditoriaPage.tsx" path="/home/estevan/Documents/workspace/emiteai_project_complete/frontend/src/app/pages/AuditoriaPage.tsx">
        <metrics statements="46" coveredstatements="44" conditionals="38" coveredconditionals="34" methods="11" coveredmethods="10"/>
        <line num="44" count="30" type="stmt"/>
        <line num="45" count="30" type="stmt"/>
        <line num="46" count="30" type="stmt"/>
        <line num="47" count="30" type="stmt"/>
        <line num="48" count="30" type="stmt"/>
        <line num="49" count="30" type="stmt"/>
        <line num="51" count="30" type="stmt"/>
        <line num="52" count="7" type="stmt"/>
        <line num="55" count="30" type="stmt"/>
        <line num="56" count="8" type="stmt"/>
        <line num="57" count="8" type="stmt"/>
        <line num="58" count="8" type="stmt"/>
        <line num="61" count="8" type="stmt"/>
        <line num="62" count="7" type="stmt"/>
        <line num="65" count="7" type="stmt"/>
        <line num="66" count="7" type="stmt"/>
        <line num="69" count="1" type="stmt"/>
        <line num="70" count="1" type="stmt"/>
        <line num="72" count="8" type="stmt"/>
        <line num="76" count="30" type="stmt"/>
        <line num="77" count="2" type="cond" truecount="2" falsecount="0"/>
        <line num="78" count="1" type="stmt"/>
        <line num="79" count="1" type="stmt"/>
        <line num="82" count="1" type="stmt"/>
        <line num="83" count="1" type="stmt"/>
        <line num="84" count="1" type="stmt"/>
        <line num="85" count="1" type="stmt"/>
        <line num="87" count="0" type="stmt"/>
        <line num="89" count="1" type="stmt"/>
        <line num="93" count="30" type="stmt"/>
        <line num="94" count="148" type="cond" truecount="4" falsecount="0"/>
        <line num="95" count="64" type="cond" truecount="3" falsecount="1"/>
        <line num="96" count="64" type="cond" truecount="4" falsecount="0"/>
        <line num="97" count="42" type="stmt"/>
        <line num="100" count="30" type="stmt"/>
        <line num="101" count="60" type="cond" truecount="2" falsecount="0"/>
        <line num="102" count="20" type="stmt"/>
        <line num="105" count="30" type="stmt"/>
        <line num="106" count="60" type="stmt"/>
        <line num="109" count="30" type="cond" truecount="4" falsecount="0"/>
        <line num="110" count="7" type="stmt"/>
        <line num="118" count="23" type="stmt"/>
        <line num="159" count="88" type="stmt"/>
        <line num="186" count="12" type="stmt"/>
        <line num="196" count="0" type="cond" truecount="0" falsecount="2"/>
        <line num="247" count="60" type="stmt"/>
      </file>
      <file name="CadastroPessoa.tsx" path="/home/estevan/Documents/workspace/emiteai_project_complete/frontend/src/app/pages/CadastroPessoa.tsx">
        <metrics statements="101" coveredstatements="81" conditionals="77" coveredconditionals="44" methods="13" coveredmethods="11"/>
        <line num="26" count="332" type="stmt"/>
        <line num="27" count="332" type="stmt"/>
        <line num="28" count="332" type="stmt"/>
        <line num="30" count="332" type="stmt"/>
        <line num="31" count="332" type="stmt"/>
        <line num="32" count="332" type="stmt"/>
        <line num="33" count="332" type="stmt"/>
        <line num="34" count="332" type="stmt"/>
        <line num="35" count="332" type="stmt"/>
        <line num="36" count="332" type="stmt"/>
        <line num="39" count="332" type="stmt"/>
        <line num="40" count="90" type="stmt"/>
        <line num="44" count="332" type="stmt"/>
        <line num="45" count="78" type="stmt"/>
        <line num="46" count="78" type="stmt"/>
        <line num="50" count="332" type="stmt"/>
        <line num="51" count="88" type="stmt"/>
        <line num="59" count="332" type="stmt"/>
        <line num="60" count="55" type="stmt"/>
        <line num="62" count="55" type="cond" truecount="2" falsecount="0"/>
        <line num="63" count="10" type="stmt"/>
        <line num="64" count="45" type="cond" truecount="2" falsecount="0"/>
        <line num="65" count="20" type="stmt"/>
        <line num="66" count="25" type="cond" truecount="2" falsecount="0"/>
        <line num="67" count="20" type="stmt"/>
        <line num="69" count="5" type="stmt"/>
        <line num="73" count="332" type="stmt"/>
        <line num="74" count="289" type="stmt"/>
        <line num="77" count="289" type="cond" truecount="2" falsecount="0"/>
        <line num="78" count="58" type="stmt"/>
        <line num="79" count="58" type="stmt"/>
        <line num="80" count="231" type="cond" truecount="2" falsecount="0"/>
        <line num="81" count="88" type="stmt"/>
        <line num="82" count="88" type="stmt"/>
        <line num="83" count="143" type="cond" truecount="2" falsecount="0"/>
        <line num="84" count="55" type="stmt"/>
        <line num="85" count="55" type="stmt"/>
        <line num="87" count="88" type="stmt"/>
        <line num="91" count="332" type="stmt"/>
        <line num="92" count="6" type="cond" truecount="1" falsecount="1"/>
        <line num="93" count="0" type="stmt"/>
        <line num="96" count="6" type="stmt"/>
        <line num="97" count="6" type="stmt"/>
        <line num="99" count="6" type="stmt"/>
        <line num="100" count="6" type="stmt"/>
        <line num="101" count="6" type="stmt"/>
        <line num="102" count="5" type="stmt"/>
        <line num="105" count="3" type="stmt"/>
        <line num="111" count="3" type="stmt"/>
        <line num="113" count="3" type="stmt"/>
        <line num="114" count="3" type="stmt"/>
        <line num="115" count="3" type="stmt"/>
        <line num="117" count="6" type="stmt"/>
        <line num="122" count="332" type="stmt"/>
        <line num="123" count="72" type="cond" truecount="2" falsecount="0"/>
        <line num="124" count="6" type="stmt"/>
        <line num="129" count="332" type="stmt"/>
        <line num="130" count="0" type="stmt"/>
        <line num="131" count="0" type="stmt"/>
        <line num="133" count="0" type="stmt"/>
        <line num="134" count="0" type="stmt"/>
        <line num="135" count="0" type="stmt"/>
        <line num="138" count="0" type="stmt"/>
        <line num="148" count="0" type="cond" truecount="0" falsecount="2"/>
        <line num="149" count="0" type="stmt"/>
        <line num="156" count="0" type="stmt"/>
        <line num="157" count="0" type="stmt"/>
        <line num="159" count="0" type="stmt"/>
        <line num="164" count="332" type="stmt"/>
        <line num="165" count="18" type="cond" truecount="2" falsecount="2"/>
        <line num="166" count="0" type="stmt"/>
        <line num="170" count="332" type="stmt"/>
        <line num="171" count="7" type="stmt"/>
        <line num="172" count="7" type="stmt"/>
        <line num="173" count="7" type="stmt"/>
        <line num="176" count="7" type="stmt"/>
        <line num="179" count="7" type="cond" truecount="2" falsecount="0"/>
        <line num="180" count="1" type="stmt"/>
        <line num="181" count="1" type="stmt"/>
        <line num="182" count="1" type="stmt"/>
        <line num="185" count="6" type="cond" truecount="1" falsecount="1"/>
        <line num="186" count="0" type="stmt"/>
        <line num="187" count="0" type="stmt"/>
        <line num="188" count="0" type="stmt"/>
        <line num="191" count="6" type="stmt"/>
        <line num="192" count="6" type="stmt"/>
        <line num="206" count="6" type="cond" truecount="2" falsecount="2"/>
        <line num="208" count="0" type="stmt"/>
        <line num="209" count="0" type="stmt"/>
        <line num="212" count="0" type="stmt"/>
        <line num="213" count="0" type="stmt"/>
        <line num="217" count="6" type="stmt"/>
        <line num="218" count="3" type="stmt"/>
        <line num="221" count="3" type="stmt"/>
        <line num="222" count="3" type="stmt"/>
        <line num="225" count="3" type="stmt"/>
        <line num="227" count="3" type="cond" truecount="2" falsecount="0"/>
        <line num="228" count="1" type="stmt"/>
        <line num="230" count="2" type="stmt"/>
        <line num="233" count="6" type="stmt"/>
        <line num="237" count="332" type="stmt"/>
      </file>
      <file name="DownloadCsv.tsx" path="/home/estevan/Documents/workspace/emiteai_project_complete/frontend/src/app/pages/DownloadCsv.tsx">
        <metrics statements="35" coveredstatements="33" conditionals="16" coveredconditionals="14" methods="4" coveredmethods="3"/>
        <line num="7" count="60" type="stmt"/>
        <line num="8" count="60" type="stmt"/>
        <line num="9" count="60" type="stmt"/>
        <line num="10" count="60" type="stmt"/>
        <line num="12" count="60" type="stmt"/>
        <line num="13" count="3" type="stmt"/>
        <line num="14" count="3" type="stmt"/>
        <line num="15" count="3" type="stmt"/>
        <line num="17" count="3" type="stmt"/>
        <line num="18" count="3" type="stmt"/>
        <line num="22" count="2" type="cond" truecount="1" falsecount="1"/>
        <line num="23" count="2" type="stmt"/>
        <line num="25" count="0" type="stmt"/>
        <line num="27" count="2" type="stmt"/>
        <line num="29" count="1" type="stmt"/>
        <line num="30" count="1" type="stmt"/>
        <line num="34" count="60" type="stmt"/>
        <line num="35" count="18" type="stmt"/>
        <line num="36" count="18" type="stmt"/>
        <line num="37" count="18" type="stmt"/>
        <line num="39" count="18" type="stmt"/>
        <line num="40" count="18" type="stmt"/>
        <line num="43" count="18" type="stmt"/>
        <line num="45" count="16" type="cond" truecount="2" falsecount="0"/>
        <line num="46" count="5" type="stmt"/>
        <line num="47" count="5" type="stmt"/>
        <line num="50" count="11" type="cond" truecount="2" falsecount="0"/>
        <line num="51" count="1" type="stmt"/>
        <line num="52" count="1" type="stmt"/>
        <line num="55" count="10" type="cond" truecount="1" falsecount="1"/>
        <line num="56" count="0" type="stmt"/>
        <line num="60" count="10" type="stmt"/>
        <line num="63" count="2" type="stmt"/>
        <line num="65" count="18" type="stmt"/>
        <line num="69" count="60" type="stmt"/>
      </file>
      <file name="ListagemPessoas.tsx" path="/home/estevan/Documents/workspace/emiteai_project_complete/frontend/src/app/pages/ListagemPessoas.tsx">
        <metrics statements="69" coveredstatements="45" conditionals="44" coveredconditionals="26" methods="16" coveredmethods="6"/>
        <line num="45" count="33" type="stmt"/>
        <line num="46" count="33" type="stmt"/>
        <line num="47" count="33" type="stmt"/>
        <line num="48" count="33" type="stmt"/>
        <line num="49" count="33" type="stmt"/>
        <line num="50" count="33" type="stmt"/>
        <line num="51" count="33" type="stmt"/>
        <line num="52" count="33" type="stmt"/>
        <line num="54" count="33" type="stmt"/>
        <line num="55" count="17" type="stmt"/>
        <line num="56" count="17" type="stmt"/>
        <line num="58" count="17" type="stmt"/>
        <line num="59" count="17" type="stmt"/>
        <line num="61" count="14" type="stmt"/>
        <line num="62" count="14" type="cond" truecount="2" falsecount="0"/>
        <line num="63" count="12" type="stmt"/>
        <line num="64" count="2" type="cond" truecount="4" falsecount="0"/>
        <line num="66" count="1" type="stmt"/>
        <line num="67" count="1" type="stmt"/>
        <line num="70" count="1" type="stmt"/>
        <line num="71" count="1" type="stmt"/>
        <line num="74" count="2" type="stmt"/>
        <line num="75" count="2" type="stmt"/>
        <line num="76" count="2" type="stmt"/>
        <line num="78" count="16" type="stmt"/>
        <line num="82" count="33" type="stmt"/>
        <line num="83" count="17" type="stmt"/>
        <line num="86" count="33" type="stmt"/>
        <line num="88" count="0" type="stmt"/>
        <line num="91" count="33" type="stmt"/>
        <line num="92" count="0" type="stmt"/>
        <line num="93" count="0" type="stmt"/>
        <line num="96" count="33" type="stmt"/>
        <line num="97" count="0" type="cond" truecount="0" falsecount="2"/>
        <line num="99" count="0" type="stmt"/>
        <line num="100" count="0" type="stmt"/>
        <line num="102" count="0" type="stmt"/>
        <line num="103" count="0" type="stmt"/>
        <line num="104" count="0" type="stmt"/>
        <line num="105" count="0" type="stmt"/>
        <line num="106" count="0" type="stmt"/>
        <line num="109" count="0" type="stmt"/>
        <line num="112" count="0" type="stmt"/>
        <line num="114" count="0" type="stmt"/>
        <line num="115" count="0" type="stmt"/>
        <line num="117" count="0" type="stmt"/>
        <line num="121" count="33" type="stmt"/>
        <line num="122" count="0" type="stmt"/>
        <line num="123" count="0" type="stmt"/>
        <line num="126" count="33" type="stmt"/>
        <line num="127" count="0" type="stmt"/>
        <line num="130" count="33" type="stmt"/>
        <line num="131" count="114" type="cond" truecount="1" falsecount="1"/>
        <line num="132" count="114" type="stmt"/>
        <line num="133" count="114" type="stmt"/>
        <line num="136" count="33" type="stmt"/>
        <line num="137" count="104" type="cond" truecount="1" falsecount="1"/>
        <line num="138" count="104" type="stmt"/>
        <line num="139" count="104" type="cond" truecount="1" falsecount="1"/>
        <line num="140" count="0" type="stmt"/>
        <line num="142" count="104" type="stmt"/>
        <line num="145" count="33" type="cond" truecount="2" falsecount="0"/>
        <line num="146" count="17" type="stmt"/>
        <line num="153" count="16" type="stmt"/>
        <line num="169" count="0" type="stmt"/>
        <line num="178" count="114" type="stmt"/>
        <line num="238" count="0" type="stmt"/>
        <line num="248" count="0" type="stmt"/>
        <line num="266" count="0" type="stmt"/>
      </file>
    </package>
    <package name="src.config">
      <metrics statements="5" coveredstatements="4" conditionals="2" coveredconditionals="1" methods="2" coveredmethods="1"/>
      <file name="api.ts" path="/home/estevan/Documents/workspace/emiteai_project_complete/frontend/src/config/api.ts">
        <metrics statements="5" coveredstatements="4" conditionals="2" coveredconditionals="1" methods="2" coveredmethods="1"/>
        <line num="2" count="5" type="stmt"/>
        <line num="13" count="5" type="stmt"/>
        <line num="14" count="66" type="stmt"/>
        <line num="18" count="5" type="stmt"/>
        <line num="19" count="0" type="stmt"/>
      </file>
    </package>
  </project>
</coverage>
