{"/home/estevan/Documents/workspace/emiteai_project_complete/frontend/src/index.tsx": {"path":"/home/estevan/Documents/workspace/emiteai_project_complete/frontend/src/index.tsx","statementMap":{"0":{"start":{"line":5,"column":13},"end":{"line":5,"column":66}},"1":{"start":{"line":6,"column":0},"end":{"line":10,"column":2}}},"fnMap":{},"branchMap":{},"s":{"0":0,"1":0},"f":{},"b":{}}
,"/home/estevan/Documents/workspace/emiteai_project_complete/frontend/src/app/App.tsx": {"path":"/home/estevan/Documents/workspace/emiteai_project_complete/frontend/src/app/App.tsx","statementMap":{"0":{"start":{"line":8,"column":26},"end":{"line":8,"column":90}},"1":{"start":{"line":10,"column":2},"end":{"line":16,"column":4}}},"fnMap":{"0":{"name":"App","decl":{"start":{"line":7,"column":24},"end":{"line":7,"column":27}},"loc":{"start":{"line":7,"column":30},"end":{"line":17,"column":1}},"line":7}},"branchMap":{"0":{"loc":{"start":{"line":12,"column":7},"end":{"line":12,"column":47}},"type":"binary-expr","locations":[{"start":{"line":12,"column":7},"end":{"line":12,"column":26}},{"start":{"line":12,"column":30},"end":{"line":12,"column":47}}],"line":12},"1":{"loc":{"start":{"line":13,"column":7},"end":{"line":13,"column":49}},"type":"binary-expr","locations":[{"start":{"line":13,"column":7},"end":{"line":13,"column":26}},{"start":{"line":13,"column":30},"end":{"line":13,"column":49}}],"line":13},"2":{"loc":{"start":{"line":14,"column":7},"end":{"line":14,"column":45}},"type":"binary-expr","locations":[{"start":{"line":14,"column":7},"end":{"line":14,"column":26}},{"start":{"line":14,"column":30},"end":{"line":14,"column":45}}],"line":14}},"s":{"0":8,"1":8},"f":{"0":8},"b":{"0":[8,5],"1":[8,2],"2":[8,1]},"_coverageSchema":"1a1c01bbd47fc00a2c39e90264f33305004495a9","hash":"1e177c40395b60e1af94489d3c3fdad4e3bedcd7"}
,"/home/estevan/Documents/workspace/emiteai_project_complete/frontend/src/app/index.tsx": {"path":"/home/estevan/Documents/workspace/emiteai_project_complete/frontend/src/app/index.tsx","statementMap":{"0":{"start":{"line":5,"column":13},"end":{"line":5,"column":66}},"1":{"start":{"line":6,"column":0},"end":{"line":10,"column":2}}},"fnMap":{},"branchMap":{},"s":{"0":0,"1":0},"f":{},"b":{}}
,"/home/estevan/Documents/workspace/emiteai_project_complete/frontend/src/app/components/Layout.tsx": {"path":"/home/estevan/Documents/workspace/emiteai_project_complete/frontend/src/app/components/Layout.tsx","statementMap":{"0":{"start":{"line":10,"column":2},"end":{"line":27,"column":4}},"1":{"start":{"line":17,"column":49},"end":{"line":17,"column":71}},"2":{"start":{"line":18,"column":49},"end":{"line":18,"column":71}},"3":{"start":{"line":19,"column":49},"end":{"line":19,"column":71}}},"fnMap":{"0":{"name":"Layout","decl":{"start":{"line":9,"column":24},"end":{"line":9,"column":30}},"loc":{"start":{"line":9,"column":70},"end":{"line":28,"column":1}},"line":9},"1":{"name":"(anonymous_1)","decl":{"start":{"line":17,"column":43},"end":{"line":17,"column":44}},"loc":{"start":{"line":17,"column":49},"end":{"line":17,"column":71}},"line":17},"2":{"name":"(anonymous_2)","decl":{"start":{"line":18,"column":43},"end":{"line":18,"column":44}},"loc":{"start":{"line":18,"column":49},"end":{"line":18,"column":71}},"line":18},"3":{"name":"(anonymous_3)","decl":{"start":{"line":19,"column":43},"end":{"line":19,"column":44}},"loc":{"start":{"line":19,"column":49},"end":{"line":19,"column":71}},"line":19}},"branchMap":{},"s":{"0":13,"1":2,"2":3,"3":2},"f":{"0":13,"1":2,"2":3,"3":2},"b":{},"_coverageSchema":"1a1c01bbd47fc00a2c39e90264f33305004495a9","hash":"c36223cd89508b5750a892c3aeb44482ac5dacf3"}
,"/home/estevan/Documents/workspace/emiteai_project_complete/frontend/src/app/pages/CadastroPessoa.tsx": {"path":"/home/estevan/Documents/workspace/emiteai_project_complete/frontend/src/app/pages/CadastroPessoa.tsx","statementMap":{"0":{"start":{"line":6,"column":26},"end":{"line":6,"column":109}},"1":{"start":{"line":7,"column":34},"end":{"line":7,"column":85}},"2":{"start":{"line":8,"column":32},"end":{"line":8,"column":47}},"3":{"start":{"line":9,"column":28},"end":{"line":9,"column":57}},"4":{"start":{"line":10,"column":32},"end":{"line":10,"column":47}},"5":{"start":{"line":12,"column":23},"end":{"line":14,"column":3}},"6":{"start":{"line":13,"column":4},"end":{"line":13,"column":58}},"7":{"start":{"line":16,"column":20},"end":{"line":23,"column":3}},"8":{"start":{"line":17,"column":4},"end":{"line":22,"column":5}},"9":{"start":{"line":18,"column":23},"end":{"line":18,"column":62}},"10":{"start":{"line":19,"column":6},"end":{"line":19,"column":33}},"11":{"start":{"line":21,"column":6},"end":{"line":21,"column":39}},"12":{"start":{"line":25,"column":23},"end":{"line":37,"column":3}},"13":{"start":{"line":26,"column":4},"end":{"line":26,"column":21}},"14":{"start":{"line":27,"column":4},"end":{"line":27,"column":19}},"15":{"start":{"line":28,"column":4},"end":{"line":28,"column":22}},"16":{"start":{"line":29,"column":4},"end":{"line":36,"column":5}},"17":{"start":{"line":30,"column":6},"end":{"line":30,"column":62}},"18":{"start":{"line":31,"column":6},"end":{"line":31,"column":23}},"19":{"start":{"line":33,"column":6},"end":{"line":33,"column":40}},"20":{"start":{"line":35,"column":6},"end":{"line":35,"column":24}},"21":{"start":{"line":39,"column":2},"end":{"line":60,"column":4}}},"fnMap":{"0":{"name":"CadastroPessoa","decl":{"start":{"line":5,"column":24},"end":{"line":5,"column":38}},"loc":{"start":{"line":5,"column":41},"end":{"line":61,"column":1}},"line":5},"1":{"name":"(anonymous_1)","decl":{"start":{"line":12,"column":23},"end":{"line":12,"column":24}},"loc":{"start":{"line":12,"column":67},"end":{"line":14,"column":3}},"line":12},"2":{"name":"(anonymous_2)","decl":{"start":{"line":16,"column":20},"end":{"line":16,"column":21}},"loc":{"start":{"line":16,"column":32},"end":{"line":23,"column":3}},"line":16},"3":{"name":"(anonymous_3)","decl":{"start":{"line":25,"column":23},"end":{"line":25,"column":24}},"loc":{"start":{"line":25,"column":35},"end":{"line":37,"column":3}},"line":25}},"branchMap":{"0":{"loc":{"start":{"line":42,"column":7},"end":{"line":42,"column":55}},"type":"binary-expr","locations":[{"start":{"line":42,"column":7},"end":{"line":42,"column":12}},{"start":{"line":42,"column":16},"end":{"line":42,"column":55}}],"line":42},"1":{"loc":{"start":{"line":43,"column":7},"end":{"line":43,"column":82}},"type":"binary-expr","locations":[{"start":{"line":43,"column":7},"end":{"line":43,"column":14}},{"start":{"line":43,"column":18},"end":{"line":43,"column":82}}],"line":43},"2":{"loc":{"start":{"line":56,"column":11},"end":{"line":56,"column":62}},"type":"cond-expr","locations":[{"start":{"line":56,"column":21},"end":{"line":56,"column":51}},{"start":{"line":56,"column":54},"end":{"line":56,"column":62}}],"line":56}},"s":{"0":0,"1":0,"2":0,"3":0,"4":0,"5":0,"6":0,"7":0,"8":0,"9":0,"10":0,"11":0,"12":0,"13":0,"14":0,"15":0,"16":0,"17":0,"18":0,"19":0,"20":0,"21":0},"f":{"0":0,"1":0,"2":0,"3":0},"b":{"0":[0,0],"1":[0,0],"2":[0,0]}}
,"/home/estevan/Documents/workspace/emiteai_project_complete/frontend/src/app/pages/DownloadCsv.tsx": {"path":"/home/estevan/Documents/workspace/emiteai_project_complete/frontend/src/app/pages/DownloadCsv.tsx","statementMap":{"0":{"start":{"line":5,"column":25},"end":{"line":7,"column":3}},"1":{"start":{"line":6,"column":4},"end":{"line":6,"column":54}},"2":{"start":{"line":9,"column":2},"end":{"line":16,"column":4}}},"fnMap":{"0":{"name":"DownloadCsv","decl":{"start":{"line":4,"column":24},"end":{"line":4,"column":35}},"loc":{"start":{"line":4,"column":38},"end":{"line":17,"column":1}},"line":4},"1":{"name":"(anonymous_1)","decl":{"start":{"line":5,"column":25},"end":{"line":5,"column":26}},"loc":{"start":{"line":5,"column":31},"end":{"line":7,"column":3}},"line":5}},"branchMap":{},"s":{"0":2,"1":0,"2":2},"f":{"0":2,"1":0},"b":{},"_coverageSchema":"1a1c01bbd47fc00a2c39e90264f33305004495a9","hash":"395a4849e5ce244a5e7e1edcf5d7da9b4dfd7abe"}
,"/home/estevan/Documents/workspace/emiteai_project_complete/frontend/src/app/pages/ListagemPessoas.tsx": {"path":"/home/estevan/Documents/workspace/emiteai_project_complete/frontend/src/app/pages/ListagemPessoas.tsx","statementMap":{"0":{"start":{"line":6,"column":32},"end":{"line":6,"column":51}},"1":{"start":{"line":7,"column":32},"end":{"line":7,"column":46}},"2":{"start":{"line":8,"column":28},"end":{"line":8,"column":57}},"3":{"start":{"line":10,"column":2},"end":{"line":15,"column":9}},"4":{"start":{"line":11,"column":4},"end":{"line":14,"column":40}},"5":{"start":{"line":12,"column":24},"end":{"line":12,"column":49}},"6":{"start":{"line":13,"column":19},"end":{"line":13,"column":55}},"7":{"start":{"line":14,"column":21},"end":{"line":14,"column":38}},"8":{"start":{"line":17,"column":2},"end":{"line":17,"column":43}},"9":{"start":{"line":17,"column":15},"end":{"line":17,"column":43}},"10":{"start":{"line":18,"column":2},"end":{"line":18,"column":60}},"11":{"start":{"line":18,"column":13},"end":{"line":18,"column":60}},"12":{"start":{"line":20,"column":2},"end":{"line":29,"column":4}},"13":{"start":{"line":25,"column":10},"end":{"line":25,"column":60}}},"fnMap":{"0":{"name":"ListagemPessoas","decl":{"start":{"line":5,"column":24},"end":{"line":5,"column":39}},"loc":{"start":{"line":5,"column":42},"end":{"line":30,"column":1}},"line":5},"1":{"name":"(anonymous_1)","decl":{"start":{"line":10,"column":12},"end":{"line":10,"column":13}},"loc":{"start":{"line":10,"column":18},"end":{"line":15,"column":3}},"line":10},"2":{"name":"(anonymous_2)","decl":{"start":{"line":12,"column":12},"end":{"line":12,"column":13}},"loc":{"start":{"line":12,"column":24},"end":{"line":12,"column":49}},"line":12},"3":{"name":"(anonymous_3)","decl":{"start":{"line":13,"column":13},"end":{"line":13,"column":14}},"loc":{"start":{"line":13,"column":19},"end":{"line":13,"column":55}},"line":13},"4":{"name":"(anonymous_4)","decl":{"start":{"line":14,"column":15},"end":{"line":14,"column":16}},"loc":{"start":{"line":14,"column":21},"end":{"line":14,"column":38}},"line":14},"5":{"name":"(anonymous_5)","decl":{"start":{"line":24,"column":21},"end":{"line":24,"column":22}},"loc":{"start":{"line":25,"column":10},"end":{"line":25,"column":60}},"line":25}},"branchMap":{"0":{"loc":{"start":{"line":17,"column":2},"end":{"line":17,"column":43}},"type":"if","locations":[{"start":{"line":17,"column":2},"end":{"line":17,"column":43}},{"start":{},"end":{}}],"line":17},"1":{"loc":{"start":{"line":18,"column":2},"end":{"line":18,"column":60}},"type":"if","locations":[{"start":{"line":18,"column":2},"end":{"line":18,"column":60}},{"start":{},"end":{}}],"line":18}},"s":{"0":0,"1":0,"2":0,"3":0,"4":0,"5":0,"6":0,"7":0,"8":0,"9":0,"10":0,"11":0,"12":0,"13":0},"f":{"0":0,"1":0,"2":0,"3":0,"4":0,"5":0},"b":{"0":[0,0],"1":[0,0]}}
}
