{"/home/estevan/Documents/workspace/emiteai_project_complete/frontend/src/index.tsx": {"path":"/home/estevan/Documents/workspace/emiteai_project_complete/frontend/src/index.tsx","statementMap":{"0":{"start":{"line":5,"column":13},"end":{"line":5,"column":66}},"1":{"start":{"line":6,"column":0},"end":{"line":10,"column":2}}},"fnMap":{},"branchMap":{},"s":{"0":0,"1":0},"f":{},"b":{}}
,"/home/estevan/Documents/workspace/emiteai_project_complete/frontend/src/app/App.tsx": {"path":"/home/estevan/Documents/workspace/emiteai_project_complete/frontend/src/app/App.tsx","statementMap":{"0":{"start":{"line":9,"column":2},"end":{"line":21,"column":4}}},"fnMap":{"0":{"name":"App","decl":{"start":{"line":8,"column":24},"end":{"line":8,"column":27}},"loc":{"start":{"line":8,"column":30},"end":{"line":22,"column":1}},"line":8}},"branchMap":{},"s":{"0":7},"f":{"0":7},"b":{},"_coverageSchema":"1a1c01bbd47fc00a2c39e90264f33305004495a9","hash":"45ebda607970132af5e981ce193188f0f774cd7c"}
,"/home/estevan/Documents/workspace/emiteai_project_complete/frontend/src/app/index.tsx": {"path":"/home/estevan/Documents/workspace/emiteai_project_complete/frontend/src/app/index.tsx","statementMap":{"0":{"start":{"line":5,"column":13},"end":{"line":5,"column":66}},"1":{"start":{"line":6,"column":0},"end":{"line":10,"column":2}}},"fnMap":{},"branchMap":{},"s":{"0":0,"1":0},"f":{},"b":{}}
,"/home/estevan/Documents/workspace/emiteai_project_complete/frontend/src/app/components/Layout.tsx": {"path":"/home/estevan/Documents/workspace/emiteai_project_complete/frontend/src/app/components/Layout.tsx","statementMap":{"0":{"start":{"line":10,"column":19},"end":{"line":10,"column":32}},"1":{"start":{"line":12,"column":2},"end":{"line":56,"column":4}}},"fnMap":{"0":{"name":"Layout","decl":{"start":{"line":9,"column":24},"end":{"line":9,"column":30}},"loc":{"start":{"line":9,"column":58},"end":{"line":57,"column":1}},"line":9}},"branchMap":{"0":{"loc":{"start":{"line":24,"column":31},"end":{"line":24,"column":142}},"type":"cond-expr","locations":[{"start":{"line":24,"column":103},"end":{"line":24,"column":126}},{"start":{"line":24,"column":129},"end":{"line":24,"column":142}}],"line":24},"1":{"loc":{"start":{"line":24,"column":31},"end":{"line":24,"column":100}},"type":"binary-expr","locations":[{"start":{"line":24,"column":31},"end":{"line":24,"column":71}},{"start":{"line":24,"column":75},"end":{"line":24,"column":100}}],"line":24},"2":{"loc":{"start":{"line":34,"column":31},"end":{"line":34,"column":114}},"type":"cond-expr","locations":[{"start":{"line":34,"column":75},"end":{"line":34,"column":98}},{"start":{"line":34,"column":101},"end":{"line":34,"column":114}}],"line":34},"3":{"loc":{"start":{"line":44,"column":31},"end":{"line":44,"column":110}},"type":"cond-expr","locations":[{"start":{"line":44,"column":71},"end":{"line":44,"column":94}},{"start":{"line":44,"column":97},"end":{"line":44,"column":110}}],"line":44}},"s":{"0":11,"1":11},"f":{"0":11},"b":{"0":[11,0],"1":[11,11],"2":[0,11],"3":[0,11]},"_coverageSchema":"1a1c01bbd47fc00a2c39e90264f33305004495a9","hash":"e61f4861c943ee86d50b359ec6db46b4d64fa7df"}
,"/home/estevan/Documents/workspace/emiteai_project_complete/frontend/src/app/components/StyledComponents.tsx": {"path":"/home/estevan/Documents/workspace/emiteai_project_complete/frontend/src/app/components/StyledComponents.tsx","statementMap":{"0":{"start":{"line":5,"column":31},"end":{"line":12,"column":1}},"1":{"start":{"line":14,"column":27},"end":{"line":20,"column":1}},"2":{"start":{"line":22,"column":26},"end":{"line":32,"column":1}},"3":{"start":{"line":34,"column":28},"end":{"line":63,"column":1}},"4":{"start":{"line":65,"column":27},"end":{"line":87,"column":1}},"5":{"start":{"line":89,"column":31},"end":{"line":93,"column":1}},"6":{"start":{"line":95,"column":27},"end":{"line":100,"column":1}},"7":{"start":{"line":102,"column":34},"end":{"line":110,"column":1}},"8":{"start":{"line":112,"column":36},"end":{"line":120,"column":1}},"9":{"start":{"line":122,"column":36},"end":{"line":135,"column":1}},"10":{"start":{"line":137,"column":26},"end":{"line":142,"column":1}},"11":{"start":{"line":144,"column":28},"end":{"line":156,"column":1}},"12":{"start":{"line":158,"column":32},"end":{"line":162,"column":1}},"13":{"start":{"line":164,"column":32},"end":{"line":168,"column":1}},"14":{"start":{"line":170,"column":36},"end":{"line":190,"column":1}},"15":{"start":{"line":192,"column":32},"end":{"line":202,"column":1}},"16":{"start":{"line":204,"column":29},"end":{"line":217,"column":1}},"17":{"start":{"line":205,"column":20},"end":{"line":205,"column":71}},"18":{"start":{"line":209,"column":25},"end":{"line":209,"column":83}},"19":{"start":{"line":211,"column":26},"end":{"line":211,"column":55}}},"fnMap":{"0":{"name":"(anonymous_0)","decl":{"start":{"line":205,"column":11},"end":{"line":205,"column":12}},"loc":{"start":{"line":205,"column":20},"end":{"line":205,"column":71}},"line":205},"1":{"name":"(anonymous_1)","decl":{"start":{"line":209,"column":16},"end":{"line":209,"column":17}},"loc":{"start":{"line":209,"column":25},"end":{"line":209,"column":83}},"line":209},"2":{"name":"(anonymous_2)","decl":{"start":{"line":211,"column":17},"end":{"line":211,"column":18}},"loc":{"start":{"line":211,"column":26},"end":{"line":211,"column":55}},"line":211}},"branchMap":{"0":{"loc":{"start":{"line":205,"column":20},"end":{"line":205,"column":71}},"type":"cond-expr","locations":[{"start":{"line":205,"column":36},"end":{"line":205,"column":42}},{"start":{"line":205,"column":45},"end":{"line":205,"column":71}}],"line":205},"1":{"loc":{"start":{"line":209,"column":25},"end":{"line":209,"column":83}},"type":"cond-expr","locations":[{"start":{"line":209,"column":41},"end":{"line":209,"column":67}},{"start":{"line":209,"column":70},"end":{"line":209,"column":83}}],"line":209},"2":{"loc":{"start":{"line":211,"column":26},"end":{"line":211,"column":55}},"type":"cond-expr","locations":[{"start":{"line":211,"column":42},"end":{"line":211,"column":47}},{"start":{"line":211,"column":50},"end":{"line":211,"column":55}}],"line":211}},"s":{"0":2,"1":2,"2":2,"3":2,"4":2,"5":2,"6":2,"7":2,"8":2,"9":2,"10":2,"11":2,"12":2,"13":2,"14":2,"15":2,"16":2,"17":0,"18":0,"19":0},"f":{"0":0,"1":0,"2":0},"b":{"0":[0,0],"1":[0,0],"2":[0,0]},"_coverageSchema":"1a1c01bbd47fc00a2c39e90264f33305004495a9","hash":"66f407b8a13b8a58d10c55dd51f3a2acc3cbd0b2"}
,"/home/estevan/Documents/workspace/emiteai_project_complete/frontend/src/app/pages/AuditoriaPage.tsx": {"path":"/home/estevan/Documents/workspace/emiteai_project_complete/frontend/src/app/pages/AuditoriaPage.tsx","statementMap":{"0":{"start":{"line":44,"column":38},"end":{"line":44,"column":67}},"1":{"start":{"line":45,"column":42},"end":{"line":45,"column":81}},"2":{"start":{"line":46,"column":32},"end":{"line":46,"column":46}},"3":{"start":{"line":47,"column":28},"end":{"line":47,"column":57}},"4":{"start":{"line":48,"column":46},"end":{"line":48,"column":58}},"5":{"start":{"line":49,"column":40},"end":{"line":49,"column":52}},"6":{"start":{"line":51,"column":2},"end":{"line":53,"column":20}},"7":{"start":{"line":52,"column":4},"end":{"line":52,"column":20}},"8":{"start":{"line":55,"column":24},"end":{"line":71,"column":3}},"9":{"start":{"line":56,"column":4},"end":{"line":70,"column":5}},"10":{"start":{"line":57,"column":6},"end":{"line":57,"column":23}},"11":{"start":{"line":58,"column":6},"end":{"line":58,"column":21}},"12":{"start":{"line":60,"column":32},"end":{"line":60,"column":127}},"13":{"start":{"line":61,"column":6},"end":{"line":61,"column":44}},"14":{"start":{"line":63,"column":35},"end":{"line":63,"column":134}},"15":{"start":{"line":64,"column":6},"end":{"line":64,"column":49}},"16":{"start":{"line":67,"column":6},"end":{"line":67,"column":54}},"17":{"start":{"line":69,"column":6},"end":{"line":69,"column":24}},"18":{"start":{"line":73,"column":29},"end":{"line":88,"column":3}},"19":{"start":{"line":74,"column":4},"end":{"line":77,"column":5}},"20":{"start":{"line":75,"column":6},"end":{"line":75,"column":22}},"21":{"start":{"line":76,"column":6},"end":{"line":76,"column":13}},"22":{"start":{"line":79,"column":4},"end":{"line":87,"column":5}},"23":{"start":{"line":80,"column":6},"end":{"line":80,"column":23}},"24":{"start":{"line":81,"column":23},"end":{"line":81,"column":144}},"25":{"start":{"line":82,"column":6},"end":{"line":82,"column":35}},"26":{"start":{"line":84,"column":6},"end":{"line":84,"column":45}},"27":{"start":{"line":86,"column":6},"end":{"line":86,"column":24}},"28":{"start":{"line":90,"column":25},"end":{"line":95,"column":3}},"29":{"start":{"line":91,"column":4},"end":{"line":91,"column":56}},"30":{"start":{"line":91,"column":39},"end":{"line":91,"column":56}},"31":{"start":{"line":92,"column":4},"end":{"line":92,"column":53}},"32":{"start":{"line":92,"column":39},"end":{"line":92,"column":53}},"33":{"start":{"line":93,"column":4},"end":{"line":93,"column":56}},"34":{"start":{"line":93,"column":39},"end":{"line":93,"column":56}},"35":{"start":{"line":94,"column":4},"end":{"line":94,"column":19}},"36":{"start":{"line":97,"column":24},"end":{"line":100,"column":3}},"37":{"start":{"line":98,"column":4},"end":{"line":98,"column":58}},"38":{"start":{"line":98,"column":30},"end":{"line":98,"column":58}},"39":{"start":{"line":99,"column":4},"end":{"line":99,"column":51}},"40":{"start":{"line":102,"column":27},"end":{"line":104,"column":3}},"41":{"start":{"line":103,"column":4},"end":{"line":103,"column":55}},"42":{"start":{"line":106,"column":2},"end":{"line":113,"column":3}},"43":{"start":{"line":107,"column":4},"end":{"line":112,"column":6}},"44":{"start":{"line":115,"column":2},"end":{"line":291,"column":4}},"45":{"start":{"line":156,"column":22},"end":{"line":161,"column":24}},"46":{"start":{"line":183,"column":31},"end":{"line":183,"column":64}},"47":{"start":{"line":193,"column":31},"end":{"line":193,"column":77}},"48":{"start":{"line":244,"column":18},"end":{"line":274,"column":29}}},"fnMap":{"0":{"name":"AuditoriaPage","decl":{"start":{"line":43,"column":24},"end":{"line":43,"column":37}},"loc":{"start":{"line":43,"column":40},"end":{"line":292,"column":1}},"line":43},"1":{"name":"(anonymous_1)","decl":{"start":{"line":51,"column":12},"end":{"line":51,"column":13}},"loc":{"start":{"line":51,"column":18},"end":{"line":53,"column":3}},"line":51},"2":{"name":"(anonymous_2)","decl":{"start":{"line":55,"column":24},"end":{"line":55,"column":25}},"loc":{"start":{"line":55,"column":36},"end":{"line":71,"column":3}},"line":55},"3":{"name":"(anonymous_3)","decl":{"start":{"line":73,"column":29},"end":{"line":73,"column":30}},"loc":{"start":{"line":73,"column":41},"end":{"line":88,"column":3}},"line":73},"4":{"name":"(anonymous_4)","decl":{"start":{"line":90,"column":25},"end":{"line":90,"column":26}},"loc":{"start":{"line":90,"column":45},"end":{"line":95,"column":3}},"line":90},"5":{"name":"(anonymous_5)","decl":{"start":{"line":97,"column":24},"end":{"line":97,"column":25}},"loc":{"start":{"line":97,"column":51},"end":{"line":100,"column":3}},"line":97},"6":{"name":"(anonymous_6)","decl":{"start":{"line":102,"column":27},"end":{"line":102,"column":28}},"loc":{"start":{"line":102,"column":50},"end":{"line":104,"column":3}},"line":102},"7":{"name":"(anonymous_7)","decl":{"start":{"line":155,"column":73},"end":{"line":155,"column":74}},"loc":{"start":{"line":156,"column":22},"end":{"line":161,"column":24}},"line":156},"8":{"name":"(anonymous_8)","decl":{"start":{"line":183,"column":24},"end":{"line":183,"column":25}},"loc":{"start":{"line":183,"column":31},"end":{"line":183,"column":64}},"line":183},"9":{"name":"(anonymous_9)","decl":{"start":{"line":193,"column":24},"end":{"line":193,"column":25}},"loc":{"start":{"line":193,"column":31},"end":{"line":193,"column":77}},"line":193},"10":{"name":"(anonymous_10)","decl":{"start":{"line":243,"column":32},"end":{"line":243,"column":33}},"loc":{"start":{"line":244,"column":18},"end":{"line":274,"column":29}},"line":244}},"branchMap":{"0":{"loc":{"start":{"line":74,"column":4},"end":{"line":77,"column":5}},"type":"if","locations":[{"start":{"line":74,"column":4},"end":{"line":77,"column":5}},{"start":{},"end":{}}],"line":74},"1":{"loc":{"start":{"line":91,"column":4},"end":{"line":91,"column":56}},"type":"if","locations":[{"start":{"line":91,"column":4},"end":{"line":91,"column":56}},{"start":{},"end":{}}],"line":91},"2":{"loc":{"start":{"line":91,"column":8},"end":{"line":91,"column":37}},"type":"binary-expr","locations":[{"start":{"line":91,"column":8},"end":{"line":91,"column":21}},{"start":{"line":91,"column":25},"end":{"line":91,"column":37}}],"line":91},"3":{"loc":{"start":{"line":92,"column":4},"end":{"line":92,"column":53}},"type":"if","locations":[{"start":{"line":92,"column":4},"end":{"line":92,"column":53}},{"start":{},"end":{}}],"line":92},"4":{"loc":{"start":{"line":92,"column":8},"end":{"line":92,"column":37}},"type":"binary-expr","locations":[{"start":{"line":92,"column":8},"end":{"line":92,"column":21}},{"start":{"line":92,"column":25},"end":{"line":92,"column":37}}],"line":92},"5":{"loc":{"start":{"line":93,"column":4},"end":{"line":93,"column":56}},"type":"if","locations":[{"start":{"line":93,"column":4},"end":{"line":93,"column":56}},{"start":{},"end":{}}],"line":93},"6":{"loc":{"start":{"line":93,"column":8},"end":{"line":93,"column":37}},"type":"binary-expr","locations":[{"start":{"line":93,"column":8},"end":{"line":93,"column":21}},{"start":{"line":93,"column":25},"end":{"line":93,"column":37}}],"line":93},"7":{"loc":{"start":{"line":98,"column":4},"end":{"line":98,"column":58}},"type":"if","locations":[{"start":{"line":98,"column":4},"end":{"line":98,"column":58}},{"start":{},"end":{}}],"line":98},"8":{"loc":{"start":{"line":106,"column":2},"end":{"line":113,"column":3}},"type":"if","locations":[{"start":{"line":106,"column":2},"end":{"line":113,"column":3}},{"start":{},"end":{}}],"line":106},"9":{"loc":{"start":{"line":106,"column":6},"end":{"line":106,"column":40}},"type":"binary-expr","locations":[{"start":{"line":106,"column":6},"end":{"line":106,"column":13}},{"start":{"line":106,"column":17},"end":{"line":106,"column":40}}],"line":106},"10":{"loc":{"start":{"line":121,"column":7},"end":{"line":125,"column":7}},"type":"binary-expr","locations":[{"start":{"line":121,"column":7},"end":{"line":121,"column":12}},{"start":{"line":122,"column":8},"end":{"line":124,"column":16}}],"line":121},"11":{"loc":{"start":{"line":128,"column":7},"end":{"line":169,"column":7}},"type":"binary-expr","locations":[{"start":{"line":128,"column":7},"end":{"line":128,"column":19}},{"start":{"line":129,"column":8},"end":{"line":168,"column":21}}],"line":128},"12":{"loc":{"start":{"line":193,"column":46},"end":{"line":193,"column":76}},"type":"binary-expr","locations":[{"start":{"line":193,"column":46},"end":{"line":193,"column":70}},{"start":{"line":193,"column":74},"end":{"line":193,"column":76}}],"line":193},"13":{"loc":{"start":{"line":224,"column":9},"end":{"line":288,"column":9}},"type":"cond-expr","locations":[{"start":{"line":225,"column":10},"end":{"line":227,"column":16}},{"start":{"line":229,"column":10},"end":{"line":287,"column":27}}],"line":224},"14":{"loc":{"start":{"line":252,"column":31},"end":{"line":254,"column":83}},"type":"cond-expr","locations":[{"start":{"line":252,"column":64},"end":{"line":252,"column":70}},{"start":{"line":253,"column":31},"end":{"line":254,"column":83}}],"line":252},"15":{"loc":{"start":{"line":253,"column":31},"end":{"line":254,"column":83}},"type":"cond-expr","locations":[{"start":{"line":253,"column":65},"end":{"line":253,"column":74}},{"start":{"line":254,"column":31},"end":{"line":254,"column":83}}],"line":253},"16":{"loc":{"start":{"line":254,"column":31},"end":{"line":254,"column":83}},"type":"cond-expr","locations":[{"start":{"line":254,"column":64},"end":{"line":254,"column":73}},{"start":{"line":254,"column":76},"end":{"line":254,"column":83}}],"line":254},"17":{"loc":{"start":{"line":268,"column":23},"end":{"line":272,"column":23}},"type":"cond-expr","locations":[{"start":{"line":269,"column":24},"end":{"line":269,"column":72}},{"start":{"line":271,"column":24},"end":{"line":271,"column":72}}],"line":268},"18":{"loc":{"start":{"line":276,"column":17},"end":{"line":284,"column":17}},"type":"binary-expr","locations":[{"start":{"line":276,"column":17},"end":{"line":276,"column":40}},{"start":{"line":277,"column":18},"end":{"line":283,"column":29}}],"line":276}},"s":{"0":30,"1":30,"2":30,"3":30,"4":30,"5":30,"6":30,"7":7,"8":30,"9":8,"10":8,"11":8,"12":8,"13":7,"14":7,"15":7,"16":1,"17":8,"18":30,"19":2,"20":1,"21":1,"22":1,"23":1,"24":1,"25":1,"26":0,"27":1,"28":30,"29":148,"30":84,"31":64,"32":0,"33":64,"34":22,"35":42,"36":30,"37":60,"38":40,"39":20,"40":30,"41":60,"42":30,"43":7,"44":23,"45":88,"46":12,"47":0,"48":60},"f":{"0":30,"1":7,"2":8,"3":2,"4":148,"5":60,"6":60,"7":88,"8":12,"9":0,"10":60},"b":{"0":[1,1],"1":[84,64],"2":[148,148],"3":[0,64],"4":[64,64],"5":[22,42],"6":[64,64],"7":[40,20],"8":[7,23],"9":[30,9],"10":[23,1],"11":[23,22],"12":[0,0],"13":[2,21],"14":[20,40],"15":[20,20],"16":[0,20],"17":[20,40],"18":[21,1]},"_coverageSchema":"1a1c01bbd47fc00a2c39e90264f33305004495a9","hash":"fa91ee9ac486cb9f087e44b3082feaf19289f0ce"}
,"/home/estevan/Documents/workspace/emiteai_project_complete/frontend/src/app/pages/CadastroPessoa.tsx": {"path":"/home/estevan/Documents/workspace/emiteai_project_complete/frontend/src/app/pages/CadastroPessoa.tsx","statementMap":{"0":{"start":{"line":26,"column":17},"end":{"line":26,"column":44}},"1":{"start":{"line":27,"column":19},"end":{"line":27,"column":32}},"2":{"start":{"line":28,"column":20},"end":{"line":28,"column":24}},"3":{"start":{"line":30,"column":26},"end":{"line":30,"column":109}},"4":{"start":{"line":31,"column":34},"end":{"line":31,"column":85}},"5":{"start":{"line":32,"column":32},"end":{"line":32,"column":47}},"6":{"start":{"line":33,"column":38},"end":{"line":33,"column":53}},"7":{"start":{"line":34,"column":44},"end":{"line":34,"column":59}},"8":{"start":{"line":35,"column":28},"end":{"line":35,"column":57}},"9":{"start":{"line":36,"column":32},"end":{"line":36,"column":47}},"10":{"start":{"line":38,"column":20},"end":{"line":40,"column":3}},"11":{"start":{"line":39,"column":4},"end":{"line":39,"column":34}},"12":{"start":{"line":43,"column":21},"end":{"line":46,"column":3}},"13":{"start":{"line":44,"column":21},"end":{"line":44,"column":35}},"14":{"start":{"line":45,"column":4},"end":{"line":45,"column":33}},"15":{"start":{"line":49,"column":20},"end":{"line":55,"column":3}},"16":{"start":{"line":50,"column":4},"end":{"line":54,"column":45}},"17":{"start":{"line":58,"column":25},"end":{"line":70,"column":3}},"18":{"start":{"line":59,"column":20},"end":{"line":59,"column":47}},"19":{"start":{"line":61,"column":4},"end":{"line":69,"column":5}},"20":{"start":{"line":62,"column":6},"end":{"line":62,"column":21}},"21":{"start":{"line":63,"column":11},"end":{"line":69,"column":5}},"22":{"start":{"line":64,"column":6},"end":{"line":64,"column":56}},"23":{"start":{"line":65,"column":11},"end":{"line":69,"column":5}},"24":{"start":{"line":66,"column":6},"end":{"line":66,"column":66}},"25":{"start":{"line":68,"column":6},"end":{"line":68,"column":70}},"26":{"start":{"line":72,"column":23},"end":{"line":87,"column":3}},"27":{"start":{"line":73,"column":28},"end":{"line":73,"column":36}},"28":{"start":{"line":75,"column":4},"end":{"line":86,"column":5}},"29":{"start":{"line":76,"column":27},"end":{"line":76,"column":83}},"30":{"start":{"line":77,"column":6},"end":{"line":77,"column":49}},"31":{"start":{"line":78,"column":11},"end":{"line":86,"column":5}},"32":{"start":{"line":79,"column":27},"end":{"line":79,"column":43}},"33":{"start":{"line":80,"column":6},"end":{"line":80,"column":49}},"34":{"start":{"line":81,"column":11},"end":{"line":86,"column":5}},"35":{"start":{"line":82,"column":32},"end":{"line":82,"column":53}},"36":{"start":{"line":83,"column":6},"end":{"line":83,"column":54}},"37":{"start":{"line":85,"column":6},"end":{"line":85,"column":42}},"38":{"start":{"line":89,"column":20},"end":{"line":115,"column":3}},"39":{"start":{"line":90,"column":4},"end":{"line":92,"column":5}},"40":{"start":{"line":91,"column":6},"end":{"line":91,"column":13}},"41":{"start":{"line":94,"column":4},"end":{"line":94,"column":24}},"42":{"start":{"line":95,"column":4},"end":{"line":95,"column":19}},"43":{"start":{"line":97,"column":4},"end":{"line":114,"column":5}},"44":{"start":{"line":98,"column":23},"end":{"line":98,"column":37}},"45":{"start":{"line":99,"column":23},"end":{"line":99,"column":94}},"46":{"start":{"line":100,"column":19},"end":{"line":100,"column":32}},"47":{"start":{"line":102,"column":6},"end":{"line":106,"column":9}},"48":{"start":{"line":108,"column":6},"end":{"line":108,"column":21}},"49":{"start":{"line":110,"column":6},"end":{"line":110,"column":49}},"50":{"start":{"line":111,"column":6},"end":{"line":111,"column":61}},"51":{"start":{"line":113,"column":6},"end":{"line":113,"column":27}},"52":{"start":{"line":117,"column":2},"end":{"line":121,"column":17}},"53":{"start":{"line":118,"column":4},"end":{"line":120,"column":5}},"54":{"start":{"line":119,"column":6},"end":{"line":119,"column":26}},"55":{"start":{"line":123,"column":21},"end":{"line":152,"column":3}},"56":{"start":{"line":124,"column":4},"end":{"line":124,"column":27}},"57":{"start":{"line":125,"column":4},"end":{"line":125,"column":19}},"58":{"start":{"line":127,"column":4},"end":{"line":151,"column":5}},"59":{"start":{"line":128,"column":23},"end":{"line":128,"column":98}},"60":{"start":{"line":129,"column":29},"end":{"line":129,"column":42}},"61":{"start":{"line":131,"column":6},"end":{"line":138,"column":9}},"62":{"start":{"line":140,"column":6},"end":{"line":146,"column":7}},"63":{"start":{"line":141,"column":8},"end":{"line":145,"column":11}},"64":{"start":{"line":148,"column":6},"end":{"line":148,"column":51}},"65":{"start":{"line":150,"column":6},"end":{"line":150,"column":30}},"66":{"start":{"line":154,"column":2},"end":{"line":158,"column":22}},"67":{"start":{"line":155,"column":4},"end":{"line":157,"column":5}},"68":{"start":{"line":156,"column":6},"end":{"line":156,"column":21}},"69":{"start":{"line":160,"column":23},"end":{"line":217,"column":3}},"70":{"start":{"line":161,"column":4},"end":{"line":161,"column":21}},"71":{"start":{"line":162,"column":4},"end":{"line":162,"column":19}},"72":{"start":{"line":163,"column":4},"end":{"line":163,"column":22}},"73":{"start":{"line":165,"column":4},"end":{"line":165,"column":59}},"74":{"start":{"line":165,"column":33},"end":{"line":165,"column":57}},"75":{"start":{"line":167,"column":4},"end":{"line":171,"column":5}},"76":{"start":{"line":168,"column":6},"end":{"line":168,"column":37}},"77":{"start":{"line":169,"column":6},"end":{"line":169,"column":24}},"78":{"start":{"line":170,"column":6},"end":{"line":170,"column":13}},"79":{"start":{"line":173,"column":4},"end":{"line":177,"column":5}},"80":{"start":{"line":174,"column":6},"end":{"line":174,"column":36}},"81":{"start":{"line":175,"column":6},"end":{"line":175,"column":24}},"82":{"start":{"line":176,"column":6},"end":{"line":176,"column":13}},"83":{"start":{"line":179,"column":4},"end":{"line":216,"column":5}},"84":{"start":{"line":180,"column":25},"end":{"line":192,"column":7}},"85":{"start":{"line":194,"column":6},"end":{"line":207,"column":7}},"86":{"start":{"line":195,"column":8},"end":{"line":195,"column":90}},"87":{"start":{"line":196,"column":8},"end":{"line":196,"column":25}},"88":{"start":{"line":198,"column":8},"end":{"line":200,"column":17}},"89":{"start":{"line":199,"column":10},"end":{"line":199,"column":40}},"90":{"start":{"line":202,"column":8},"end":{"line":202,"column":80}},"91":{"start":{"line":203,"column":8},"end":{"line":203,"column":25}},"92":{"start":{"line":205,"column":8},"end":{"line":205,"column":91}},"93":{"start":{"line":206,"column":8},"end":{"line":206,"column":63}},"94":{"start":{"line":209,"column":6},"end":{"line":213,"column":7}},"95":{"start":{"line":210,"column":8},"end":{"line":210,"column":44}},"96":{"start":{"line":212,"column":8},"end":{"line":212,"column":42}},"97":{"start":{"line":215,"column":6},"end":{"line":215,"column":24}},"98":{"start":{"line":219,"column":2},"end":{"line":346,"column":4}}},"fnMap":{"0":{"name":"CadastroPessoa","decl":{"start":{"line":25,"column":24},"end":{"line":25,"column":38}},"loc":{"start":{"line":25,"column":41},"end":{"line":347,"column":1}},"line":25},"1":{"name":"(anonymous_1)","decl":{"start":{"line":38,"column":20},"end":{"line":38,"column":21}},"loc":{"start":{"line":38,"column":37},"end":{"line":40,"column":3}},"line":38},"2":{"name":"(anonymous_2)","decl":{"start":{"line":43,"column":21},"end":{"line":43,"column":22}},"loc":{"start":{"line":43,"column":38},"end":{"line":46,"column":3}},"line":43},"3":{"name":"(anonymous_3)","decl":{"start":{"line":49,"column":20},"end":{"line":49,"column":21}},"loc":{"start":{"line":49,"column":37},"end":{"line":55,"column":3}},"line":49},"4":{"name":"(anonymous_4)","decl":{"start":{"line":58,"column":25},"end":{"line":58,"column":26}},"loc":{"start":{"line":58,"column":47},"end":{"line":70,"column":3}},"line":58},"5":{"name":"(anonymous_5)","decl":{"start":{"line":72,"column":23},"end":{"line":72,"column":24}},"loc":{"start":{"line":72,"column":67},"end":{"line":87,"column":3}},"line":72},"6":{"name":"(anonymous_6)","decl":{"start":{"line":89,"column":20},"end":{"line":89,"column":21}},"loc":{"start":{"line":89,"column":43},"end":{"line":115,"column":3}},"line":89},"7":{"name":"(anonymous_7)","decl":{"start":{"line":117,"column":12},"end":{"line":117,"column":13}},"loc":{"start":{"line":117,"column":18},"end":{"line":121,"column":3}},"line":117},"8":{"name":"(anonymous_8)","decl":{"start":{"line":123,"column":21},"end":{"line":123,"column":22}},"loc":{"start":{"line":123,"column":49},"end":{"line":152,"column":3}},"line":123},"9":{"name":"(anonymous_9)","decl":{"start":{"line":154,"column":12},"end":{"line":154,"column":13}},"loc":{"start":{"line":154,"column":18},"end":{"line":158,"column":3}},"line":154},"10":{"name":"(anonymous_10)","decl":{"start":{"line":160,"column":23},"end":{"line":160,"column":24}},"loc":{"start":{"line":160,"column":35},"end":{"line":217,"column":3}},"line":160},"11":{"name":"(anonymous_11)","decl":{"start":{"line":165,"column":22},"end":{"line":165,"column":23}},"loc":{"start":{"line":165,"column":33},"end":{"line":165,"column":57}},"line":165},"12":{"name":"(anonymous_12)","decl":{"start":{"line":198,"column":19},"end":{"line":198,"column":20}},"loc":{"start":{"line":198,"column":25},"end":{"line":200,"column":9}},"line":198}},"branchMap":{"0":{"loc":{"start":{"line":61,"column":4},"end":{"line":69,"column":5}},"type":"if","locations":[{"start":{"line":61,"column":4},"end":{"line":69,"column":5}},{"start":{"line":63,"column":11},"end":{"line":69,"column":5}}],"line":61},"1":{"loc":{"start":{"line":63,"column":11},"end":{"line":69,"column":5}},"type":"if","locations":[{"start":{"line":63,"column":11},"end":{"line":69,"column":5}},{"start":{"line":65,"column":11},"end":{"line":69,"column":5}}],"line":63},"2":{"loc":{"start":{"line":65,"column":11},"end":{"line":69,"column":5}},"type":"if","locations":[{"start":{"line":65,"column":11},"end":{"line":69,"column":5}},{"start":{"line":67,"column":11},"end":{"line":69,"column":5}}],"line":65},"3":{"loc":{"start":{"line":75,"column":4},"end":{"line":86,"column":5}},"type":"if","locations":[{"start":{"line":75,"column":4},"end":{"line":86,"column":5}},{"start":{"line":78,"column":11},"end":{"line":86,"column":5}}],"line":75},"4":{"loc":{"start":{"line":78,"column":11},"end":{"line":86,"column":5}},"type":"if","locations":[{"start":{"line":78,"column":11},"end":{"line":86,"column":5}},{"start":{"line":81,"column":11},"end":{"line":86,"column":5}}],"line":78},"5":{"loc":{"start":{"line":81,"column":11},"end":{"line":86,"column":5}},"type":"if","locations":[{"start":{"line":81,"column":11},"end":{"line":86,"column":5}},{"start":{"line":84,"column":11},"end":{"line":86,"column":5}}],"line":81},"6":{"loc":{"start":{"line":90,"column":4},"end":{"line":92,"column":5}},"type":"if","locations":[{"start":{"line":90,"column":4},"end":{"line":92,"column":5}},{"start":{},"end":{}}],"line":90},"7":{"loc":{"start":{"line":103,"column":16},"end":{"line":103,"column":33}},"type":"binary-expr","locations":[{"start":{"line":103,"column":16},"end":{"line":103,"column":27}},{"start":{"line":103,"column":31},"end":{"line":103,"column":33}}],"line":103},"8":{"loc":{"start":{"line":104,"column":19},"end":{"line":104,"column":58}},"type":"binary-expr","locations":[{"start":{"line":104,"column":19},"end":{"line":104,"column":34}},{"start":{"line":104,"column":38},"end":{"line":104,"column":52}},{"start":{"line":104,"column":56},"end":{"line":104,"column":58}}],"line":104},"9":{"loc":{"start":{"line":105,"column":16},"end":{"line":105,"column":44}},"type":"binary-expr","locations":[{"start":{"line":105,"column":16},"end":{"line":105,"column":23}},{"start":{"line":105,"column":27},"end":{"line":105,"column":38}},{"start":{"line":105,"column":42},"end":{"line":105,"column":44}}],"line":105},"10":{"loc":{"start":{"line":118,"column":4},"end":{"line":120,"column":5}},"type":"if","locations":[{"start":{"line":118,"column":4},"end":{"line":120,"column":5}},{"start":{},"end":{}}],"line":118},"11":{"loc":{"start":{"line":132,"column":14},"end":{"line":132,"column":31}},"type":"binary-expr","locations":[{"start":{"line":132,"column":14},"end":{"line":132,"column":25}},{"start":{"line":132,"column":29},"end":{"line":132,"column":31}}],"line":132},"12":{"loc":{"start":{"line":133,"column":18},"end":{"line":133,"column":72}},"type":"cond-expr","locations":[{"start":{"line":133,"column":36},"end":{"line":133,"column":67}},{"start":{"line":133,"column":70},"end":{"line":133,"column":72}}],"line":133},"13":{"loc":{"start":{"line":134,"column":13},"end":{"line":134,"column":52}},"type":"cond-expr","locations":[{"start":{"line":134,"column":26},"end":{"line":134,"column":47}},{"start":{"line":134,"column":50},"end":{"line":134,"column":52}}],"line":134},"14":{"loc":{"start":{"line":135,"column":13},"end":{"line":135,"column":92}},"type":"cond-expr","locations":[{"start":{"line":135,"column":36},"end":{"line":135,"column":87}},{"start":{"line":135,"column":90},"end":{"line":135,"column":92}}],"line":135},"15":{"loc":{"start":{"line":136,"column":16},"end":{"line":136,"column":45}},"type":"binary-expr","locations":[{"start":{"line":136,"column":16},"end":{"line":136,"column":39}},{"start":{"line":136,"column":43},"end":{"line":136,"column":45}}],"line":136},"16":{"loc":{"start":{"line":137,"column":21},"end":{"line":137,"column":55}},"type":"binary-expr","locations":[{"start":{"line":137,"column":21},"end":{"line":137,"column":49}},{"start":{"line":137,"column":53},"end":{"line":137,"column":55}}],"line":137},"17":{"loc":{"start":{"line":140,"column":6},"end":{"line":146,"column":7}},"type":"if","locations":[{"start":{"line":140,"column":6},"end":{"line":146,"column":7}},{"start":{},"end":{}}],"line":140},"18":{"loc":{"start":{"line":142,"column":18},"end":{"line":142,"column":46}},"type":"binary-expr","locations":[{"start":{"line":142,"column":18},"end":{"line":142,"column":40}},{"start":{"line":142,"column":44},"end":{"line":142,"column":46}}],"line":142},"19":{"loc":{"start":{"line":143,"column":21},"end":{"line":143,"column":52}},"type":"binary-expr","locations":[{"start":{"line":143,"column":21},"end":{"line":143,"column":46}},{"start":{"line":143,"column":50},"end":{"line":143,"column":52}}],"line":143},"20":{"loc":{"start":{"line":144,"column":18},"end":{"line":144,"column":46}},"type":"binary-expr","locations":[{"start":{"line":144,"column":18},"end":{"line":144,"column":40}},{"start":{"line":144,"column":44},"end":{"line":144,"column":46}}],"line":144},"21":{"loc":{"start":{"line":155,"column":4},"end":{"line":157,"column":5}},"type":"if","locations":[{"start":{"line":155,"column":4},"end":{"line":157,"column":5}},{"start":{},"end":{}}],"line":155},"22":{"loc":{"start":{"line":155,"column":8},"end":{"line":155,"column":23}},"type":"binary-expr","locations":[{"start":{"line":155,"column":8},"end":{"line":155,"column":17}},{"start":{"line":155,"column":21},"end":{"line":155,"column":23}}],"line":155},"23":{"loc":{"start":{"line":167,"column":4},"end":{"line":171,"column":5}},"type":"if","locations":[{"start":{"line":167,"column":4},"end":{"line":171,"column":5}},{"start":{},"end":{}}],"line":167},"24":{"loc":{"start":{"line":173,"column":4},"end":{"line":177,"column":5}},"type":"if","locations":[{"start":{"line":173,"column":4},"end":{"line":177,"column":5}},{"start":{},"end":{}}],"line":173},"25":{"loc":{"start":{"line":194,"column":6},"end":{"line":207,"column":7}},"type":"if","locations":[{"start":{"line":194,"column":6},"end":{"line":207,"column":7}},{"start":{"line":201,"column":13},"end":{"line":207,"column":7}}],"line":194},"26":{"loc":{"start":{"line":194,"column":10},"end":{"line":194,"column":25}},"type":"binary-expr","locations":[{"start":{"line":194,"column":10},"end":{"line":194,"column":19}},{"start":{"line":194,"column":23},"end":{"line":194,"column":25}}],"line":194},"27":{"loc":{"start":{"line":209,"column":6},"end":{"line":213,"column":7}},"type":"if","locations":[{"start":{"line":209,"column":6},"end":{"line":213,"column":7}},{"start":{"line":211,"column":13},"end":{"line":213,"column":7}}],"line":209},"28":{"loc":{"start":{"line":222,"column":9},"end":{"line":222,"column":59}},"type":"cond-expr","locations":[{"start":{"line":222,"column":21},"end":{"line":222,"column":36}},{"start":{"line":222,"column":39},"end":{"line":222,"column":59}}],"line":222},"29":{"loc":{"start":{"line":225,"column":7},"end":{"line":229,"column":7}},"type":"binary-expr","locations":[{"start":{"line":225,"column":7},"end":{"line":225,"column":20}},{"start":{"line":226,"column":8},"end":{"line":228,"column":14}}],"line":225},"30":{"loc":{"start":{"line":231,"column":7},"end":{"line":231,"column":70}},"type":"binary-expr","locations":[{"start":{"line":231,"column":7},"end":{"line":231,"column":12}},{"start":{"line":231,"column":16},"end":{"line":231,"column":70}}],"line":231},"31":{"loc":{"start":{"line":232,"column":7},"end":{"line":236,"column":7}},"type":"binary-expr","locations":[{"start":{"line":232,"column":7},"end":{"line":232,"column":14}},{"start":{"line":233,"column":8},"end":{"line":235,"column":16}}],"line":232},"32":{"loc":{"start":{"line":234,"column":11},"end":{"line":234,"column":90}},"type":"cond-expr","locations":[{"start":{"line":234,"column":23},"end":{"line":234,"column":55}},{"start":{"line":234,"column":58},"end":{"line":234,"column":90}}],"line":234},"33":{"loc":{"start":{"line":279,"column":11},"end":{"line":289,"column":11}},"type":"binary-expr","locations":[{"start":{"line":279,"column":11},"end":{"line":279,"column":21}},{"start":{"line":280,"column":12},"end":{"line":288,"column":14}}],"line":279},"34":{"loc":{"start":{"line":335,"column":20},"end":{"line":335,"column":58}},"type":"binary-expr","locations":[{"start":{"line":335,"column":20},"end":{"line":335,"column":27}},{"start":{"line":335,"column":31},"end":{"line":335,"column":41}},{"start":{"line":335,"column":45},"end":{"line":335,"column":58}}],"line":335},"35":{"loc":{"start":{"line":338,"column":11},"end":{"line":342,"column":11}},"type":"cond-expr","locations":[{"start":{"line":339,"column":12},"end":{"line":339,"column":42}},{"start":{"line":341,"column":12},"end":{"line":341,"column":46}}],"line":338},"36":{"loc":{"start":{"line":341,"column":12},"end":{"line":341,"column":46}},"type":"cond-expr","locations":[{"start":{"line":341,"column":24},"end":{"line":341,"column":35}},{"start":{"line":341,"column":38},"end":{"line":341,"column":46}}],"line":341}},"s":{"0":332,"1":332,"2":332,"3":332,"4":332,"5":332,"6":332,"7":332,"8":332,"9":332,"10":332,"11":90,"12":332,"13":78,"14":78,"15":332,"16":88,"17":332,"18":55,"19":55,"20":10,"21":45,"22":20,"23":25,"24":20,"25":5,"26":332,"27":289,"28":289,"29":58,"30":58,"31":231,"32":88,"33":88,"34":143,"35":55,"36":55,"37":88,"38":332,"39":6,"40":0,"41":6,"42":6,"43":6,"44":6,"45":6,"46":5,"47":3,"48":3,"49":3,"50":3,"51":6,"52":332,"53":72,"54":6,"55":332,"56":0,"57":0,"58":0,"59":0,"60":0,"61":0,"62":0,"63":0,"64":0,"65":0,"66":332,"67":18,"68":0,"69":332,"70":7,"71":7,"72":7,"73":7,"74":7,"75":7,"76":1,"77":1,"78":1,"79":6,"80":0,"81":0,"82":0,"83":6,"84":6,"85":6,"86":0,"87":0,"88":0,"89":0,"90":6,"91":3,"92":3,"93":3,"94":3,"95":1,"96":2,"97":6,"98":332},"f":{"0":332,"1":90,"2":78,"3":88,"4":55,"5":289,"6":6,"7":72,"8":0,"9":18,"10":7,"11":7,"12":0},"b":{"0":[10,45],"1":[20,25],"2":[20,5],"3":[58,231],"4":[88,143],"5":[55,88],"6":[0,6],"7":[3,0],"8":[3,3,0],"9":[3,3,0],"10":[6,66],"11":[0,0],"12":[0,0],"13":[0,0],"14":[0,0],"15":[0,0],"16":[0,0],"17":[0,0],"18":[0,0],"19":[0,0],"20":[0,0],"21":[0,18],"22":[18,0],"23":[1,6],"24":[0,6],"25":[0,6],"26":[6,0],"27":[1,2],"28":[0,332],"29":[332,0],"30":[332,14],"31":[332,3],"32":[0,3],"33":[332,6],"34":[332,325,319],"35":[7,325],"36":[0,325]},"_coverageSchema":"1a1c01bbd47fc00a2c39e90264f33305004495a9","hash":"a87283a184e01af1cffc6ae5a7e455eb9721d12d"}
,"/home/estevan/Documents/workspace/emiteai_project_complete/frontend/src/app/pages/DownloadCsv.tsx": {"path":"/home/estevan/Documents/workspace/emiteai_project_complete/frontend/src/app/pages/DownloadCsv.tsx","statementMap":{"0":{"start":{"line":7,"column":32},"end":{"line":7,"column":47}},"1":{"start":{"line":8,"column":38},"end":{"line":8,"column":53}},"2":{"start":{"line":9,"column":32},"end":{"line":9,"column":61}},"3":{"start":{"line":10,"column":28},"end":{"line":10,"column":57}},"4":{"start":{"line":12,"column":31},"end":{"line":32,"column":3}},"5":{"start":{"line":13,"column":4},"end":{"line":13,"column":24}},"6":{"start":{"line":14,"column":4},"end":{"line":14,"column":21}},"7":{"start":{"line":15,"column":4},"end":{"line":15,"column":19}},"8":{"start":{"line":17,"column":4},"end":{"line":31,"column":5}},"9":{"start":{"line":18,"column":23},"end":{"line":20,"column":8}},"10":{"start":{"line":22,"column":6},"end":{"line":26,"column":7}},"11":{"start":{"line":23,"column":8},"end":{"line":23,"column":97}},"12":{"start":{"line":25,"column":8},"end":{"line":25,"column":51}},"13":{"start":{"line":27,"column":6},"end":{"line":27,"column":51}},"14":{"start":{"line":27,"column":23},"end":{"line":27,"column":43}},"15":{"start":{"line":29,"column":6},"end":{"line":29,"column":60}},"16":{"start":{"line":30,"column":6},"end":{"line":30,"column":27}},"17":{"start":{"line":34,"column":25},"end":{"line":67,"column":3}},"18":{"start":{"line":35,"column":4},"end":{"line":35,"column":21}},"19":{"start":{"line":36,"column":4},"end":{"line":36,"column":19}},"20":{"start":{"line":37,"column":4},"end":{"line":37,"column":21}},"21":{"start":{"line":39,"column":4},"end":{"line":66,"column":5}},"22":{"start":{"line":40,"column":26},"end":{"line":40,"column":84}},"23":{"start":{"line":43,"column":23},"end":{"line":43,"column":67}},"24":{"start":{"line":45,"column":6},"end":{"line":48,"column":7}},"25":{"start":{"line":46,"column":8},"end":{"line":46,"column":71}},"26":{"start":{"line":47,"column":8},"end":{"line":47,"column":15}},"27":{"start":{"line":50,"column":6},"end":{"line":53,"column":7}},"28":{"start":{"line":51,"column":8},"end":{"line":51,"column":66}},"29":{"start":{"line":52,"column":8},"end":{"line":52,"column":15}},"30":{"start":{"line":55,"column":6},"end":{"line":57,"column":7}},"31":{"start":{"line":56,"column":8},"end":{"line":56,"column":50}},"32":{"start":{"line":60,"column":6},"end":{"line":60,"column":41}},"33":{"start":{"line":63,"column":6},"end":{"line":63,"column":61}},"34":{"start":{"line":65,"column":6},"end":{"line":65,"column":24}},"35":{"start":{"line":69,"column":2},"end":{"line":130,"column":4}}},"fnMap":{"0":{"name":"DownloadCsv","decl":{"start":{"line":6,"column":24},"end":{"line":6,"column":35}},"loc":{"start":{"line":6,"column":38},"end":{"line":131,"column":1}},"line":6},"1":{"name":"(anonymous_1)","decl":{"start":{"line":12,"column":31},"end":{"line":12,"column":32}},"loc":{"start":{"line":12,"column":43},"end":{"line":32,"column":3}},"line":12},"2":{"name":"(anonymous_2)","decl":{"start":{"line":27,"column":17},"end":{"line":27,"column":18}},"loc":{"start":{"line":27,"column":23},"end":{"line":27,"column":43}},"line":27},"3":{"name":"(anonymous_3)","decl":{"start":{"line":34,"column":25},"end":{"line":34,"column":26}},"loc":{"start":{"line":34,"column":37},"end":{"line":67,"column":3}},"line":34}},"branchMap":{"0":{"loc":{"start":{"line":22,"column":6},"end":{"line":26,"column":7}},"type":"if","locations":[{"start":{"line":22,"column":6},"end":{"line":26,"column":7}},{"start":{"line":24,"column":13},"end":{"line":26,"column":7}}],"line":22},"1":{"loc":{"start":{"line":45,"column":6},"end":{"line":48,"column":7}},"type":"if","locations":[{"start":{"line":45,"column":6},"end":{"line":48,"column":7}},{"start":{},"end":{}}],"line":45},"2":{"loc":{"start":{"line":50,"column":6},"end":{"line":53,"column":7}},"type":"if","locations":[{"start":{"line":50,"column":6},"end":{"line":53,"column":7}},{"start":{},"end":{}}],"line":50},"3":{"loc":{"start":{"line":55,"column":6},"end":{"line":57,"column":7}},"type":"if","locations":[{"start":{"line":55,"column":6},"end":{"line":57,"column":7}},{"start":{},"end":{}}],"line":55},"4":{"loc":{"start":{"line":79,"column":7},"end":{"line":79,"column":70}},"type":"binary-expr","locations":[{"start":{"line":79,"column":7},"end":{"line":79,"column":12}},{"start":{"line":79,"column":16},"end":{"line":79,"column":70}}],"line":79},"5":{"loc":{"start":{"line":80,"column":7},"end":{"line":80,"column":76}},"type":"binary-expr","locations":[{"start":{"line":80,"column":7},"end":{"line":80,"column":14}},{"start":{"line":80,"column":18},"end":{"line":80,"column":76}}],"line":80},"6":{"loc":{"start":{"line":90,"column":11},"end":{"line":97,"column":11}},"type":"cond-expr","locations":[{"start":{"line":91,"column":12},"end":{"line":94,"column":15}},{"start":{"line":96,"column":12},"end":{"line":96,"column":29}}],"line":90},"7":{"loc":{"start":{"line":107,"column":11},"end":{"line":114,"column":11}},"type":"cond-expr","locations":[{"start":{"line":108,"column":12},"end":{"line":111,"column":15}},{"start":{"line":113,"column":12},"end":{"line":113,"column":24}}],"line":107}},"s":{"0":60,"1":60,"2":60,"3":60,"4":60,"5":3,"6":3,"7":3,"8":3,"9":3,"10":2,"11":2,"12":0,"13":2,"14":0,"15":1,"16":1,"17":60,"18":18,"19":18,"20":18,"21":18,"22":18,"23":18,"24":16,"25":5,"26":5,"27":11,"28":1,"29":1,"30":10,"31":0,"32":10,"33":2,"34":18,"35":60},"f":{"0":60,"1":3,"2":0,"3":18},"b":{"0":[2,0],"1":[5,11],"2":[1,10],"3":[0,10],"4":[60,9],"5":[60,2],"6":[5,55],"7":[18,42]},"_coverageSchema":"1a1c01bbd47fc00a2c39e90264f33305004495a9","hash":"d9de1a6ca6a6589c8058856c856bac8c17ca7de1"}
,"/home/estevan/Documents/workspace/emiteai_project_complete/frontend/src/app/pages/ListagemPessoas.tsx": {"path":"/home/estevan/Documents/workspace/emiteai_project_complete/frontend/src/app/pages/ListagemPessoas.tsx","statementMap":{"0":{"start":{"line":45,"column":32},"end":{"line":45,"column":54}},"1":{"start":{"line":46,"column":32},"end":{"line":46,"column":46}},"2":{"start":{"line":47,"column":28},"end":{"line":47,"column":57}},"3":{"start":{"line":48,"column":32},"end":{"line":48,"column":61}},"4":{"start":{"line":49,"column":50},"end":{"line":49,"column":65}},"5":{"start":{"line":50,"column":46},"end":{"line":50,"column":75}},"6":{"start":{"line":51,"column":34},"end":{"line":51,"column":49}},"7":{"start":{"line":52,"column":19},"end":{"line":52,"column":32}},"8":{"start":{"line":54,"column":22},"end":{"line":76,"column":3}},"9":{"start":{"line":55,"column":4},"end":{"line":55,"column":21}},"10":{"start":{"line":56,"column":4},"end":{"line":56,"column":19}},"11":{"start":{"line":58,"column":4},"end":{"line":75,"column":5}},"12":{"start":{"line":59,"column":23},"end":{"line":59,"column":81}},"13":{"start":{"line":60,"column":19},"end":{"line":60,"column":32}},"14":{"start":{"line":61,"column":6},"end":{"line":69,"column":7}},"15":{"start":{"line":62,"column":8},"end":{"line":62,"column":25}},"16":{"start":{"line":63,"column":13},"end":{"line":69,"column":7}},"17":{"start":{"line":64,"column":8},"end":{"line":64,"column":45}},"18":{"start":{"line":65,"column":8},"end":{"line":65,"column":23}},"19":{"start":{"line":67,"column":8},"end":{"line":67,"column":45}},"20":{"start":{"line":68,"column":8},"end":{"line":68,"column":23}},"21":{"start":{"line":71,"column":6},"end":{"line":71,"column":43}},"22":{"start":{"line":72,"column":6},"end":{"line":72,"column":21}},"23":{"start":{"line":74,"column":6},"end":{"line":74,"column":24}},"24":{"start":{"line":78,"column":2},"end":{"line":80,"column":9}},"25":{"start":{"line":79,"column":4},"end":{"line":79,"column":18}},"26":{"start":{"line":82,"column":21},"end":{"line":84,"column":3}},"27":{"start":{"line":83,"column":4},"end":{"line":83,"column":46}},"28":{"start":{"line":86,"column":28},"end":{"line":89,"column":3}},"29":{"start":{"line":87,"column":4},"end":{"line":87,"column":30}},"30":{"start":{"line":88,"column":4},"end":{"line":88,"column":30}},"31":{"start":{"line":91,"column":30},"end":{"line":111,"column":3}},"32":{"start":{"line":92,"column":4},"end":{"line":92,"column":32}},"33":{"start":{"line":92,"column":25},"end":{"line":92,"column":32}},"34":{"start":{"line":94,"column":4},"end":{"line":94,"column":22}},"35":{"start":{"line":95,"column":4},"end":{"line":95,"column":19}},"36":{"start":{"line":97,"column":4},"end":{"line":110,"column":5}},"37":{"start":{"line":98,"column":6},"end":{"line":98,"column":94}},"38":{"start":{"line":99,"column":6},"end":{"line":99,"column":72}},"39":{"start":{"line":100,"column":6},"end":{"line":100,"column":33}},"40":{"start":{"line":101,"column":6},"end":{"line":101,"column":30}},"41":{"start":{"line":103,"column":6},"end":{"line":103,"column":26}},"42":{"start":{"line":105,"column":6},"end":{"line":105,"column":47}},"43":{"start":{"line":105,"column":23},"end":{"line":105,"column":39}},"44":{"start":{"line":107,"column":6},"end":{"line":107,"column":41}},"45":{"start":{"line":109,"column":6},"end":{"line":109,"column":25}},"46":{"start":{"line":113,"column":29},"end":{"line":116,"column":3}},"47":{"start":{"line":114,"column":4},"end":{"line":114,"column":31}},"48":{"start":{"line":115,"column":4},"end":{"line":115,"column":28}},"49":{"start":{"line":118,"column":20},"end":{"line":120,"column":3}},"50":{"start":{"line":119,"column":4},"end":{"line":119,"column":47}},"51":{"start":{"line":122,"column":20},"end":{"line":126,"column":3}},"52":{"start":{"line":123,"column":4},"end":{"line":123,"column":24}},"53":{"start":{"line":123,"column":14},"end":{"line":123,"column":24}},"54":{"start":{"line":124,"column":20},"end":{"line":124,"column":42}},"55":{"start":{"line":125,"column":4},"end":{"line":125,"column":74}},"56":{"start":{"line":128,"column":25},"end":{"line":135,"column":3}},"57":{"start":{"line":129,"column":4},"end":{"line":129,"column":29}},"58":{"start":{"line":129,"column":19},"end":{"line":129,"column":29}},"59":{"start":{"line":130,"column":20},"end":{"line":130,"column":47}},"60":{"start":{"line":131,"column":4},"end":{"line":133,"column":5}},"61":{"start":{"line":132,"column":6},"end":{"line":132,"column":70}},"62":{"start":{"line":134,"column":4},"end":{"line":134,"column":68}},"63":{"start":{"line":137,"column":2},"end":{"line":143,"column":3}},"64":{"start":{"line":138,"column":4},"end":{"line":142,"column":6}},"65":{"start":{"line":145,"column":2},"end":{"line":296,"column":4}},"66":{"start":{"line":161,"column":27},"end":{"line":161,"column":55}},"67":{"start":{"line":170,"column":12},"end":{"line":250,"column":19}},"68":{"start":{"line":230,"column":41},"end":{"line":230,"column":59}},"69":{"start":{"line":240,"column":41},"end":{"line":240,"column":66}},"70":{"start":{"line":258,"column":25},"end":{"line":258,"column":53}}},"fnMap":{"0":{"name":"ListagemPessoas","decl":{"start":{"line":44,"column":24},"end":{"line":44,"column":39}},"loc":{"start":{"line":44,"column":42},"end":{"line":297,"column":1}},"line":44},"1":{"name":"(anonymous_1)","decl":{"start":{"line":54,"column":22},"end":{"line":54,"column":23}},"loc":{"start":{"line":54,"column":34},"end":{"line":76,"column":3}},"line":54},"2":{"name":"(anonymous_2)","decl":{"start":{"line":78,"column":12},"end":{"line":78,"column":13}},"loc":{"start":{"line":78,"column":18},"end":{"line":80,"column":3}},"line":78},"3":{"name":"(anonymous_3)","decl":{"start":{"line":82,"column":21},"end":{"line":82,"column":22}},"loc":{"start":{"line":82,"column":41},"end":{"line":84,"column":3}},"line":82},"4":{"name":"(anonymous_4)","decl":{"start":{"line":86,"column":28},"end":{"line":86,"column":29}},"loc":{"start":{"line":86,"column":48},"end":{"line":89,"column":3}},"line":86},"5":{"name":"(anonymous_5)","decl":{"start":{"line":91,"column":30},"end":{"line":91,"column":31}},"loc":{"start":{"line":91,"column":42},"end":{"line":111,"column":3}},"line":91},"6":{"name":"(anonymous_6)","decl":{"start":{"line":105,"column":17},"end":{"line":105,"column":18}},"loc":{"start":{"line":105,"column":23},"end":{"line":105,"column":39}},"line":105},"7":{"name":"(anonymous_7)","decl":{"start":{"line":113,"column":29},"end":{"line":113,"column":30}},"loc":{"start":{"line":113,"column":35},"end":{"line":116,"column":3}},"line":113},"8":{"name":"(anonymous_8)","decl":{"start":{"line":118,"column":20},"end":{"line":118,"column":21}},"loc":{"start":{"line":118,"column":37},"end":{"line":120,"column":3}},"line":118},"9":{"name":"(anonymous_9)","decl":{"start":{"line":122,"column":20},"end":{"line":122,"column":21}},"loc":{"start":{"line":122,"column":37},"end":{"line":126,"column":3}},"line":122},"10":{"name":"(anonymous_10)","decl":{"start":{"line":128,"column":25},"end":{"line":128,"column":26}},"loc":{"start":{"line":128,"column":47},"end":{"line":135,"column":3}},"line":128},"11":{"name":"(anonymous_11)","decl":{"start":{"line":161,"column":21},"end":{"line":161,"column":22}},"loc":{"start":{"line":161,"column":27},"end":{"line":161,"column":55}},"line":161},"12":{"name":"(anonymous_12)","decl":{"start":{"line":169,"column":34},"end":{"line":169,"column":35}},"loc":{"start":{"line":170,"column":12},"end":{"line":250,"column":19}},"line":170},"13":{"name":"(anonymous_13)","decl":{"start":{"line":230,"column":35},"end":{"line":230,"column":36}},"loc":{"start":{"line":230,"column":41},"end":{"line":230,"column":59}},"line":230},"14":{"name":"(anonymous_14)","decl":{"start":{"line":240,"column":35},"end":{"line":240,"column":36}},"loc":{"start":{"line":240,"column":41},"end":{"line":240,"column":66}},"line":240},"15":{"name":"(anonymous_15)","decl":{"start":{"line":258,"column":19},"end":{"line":258,"column":20}},"loc":{"start":{"line":258,"column":25},"end":{"line":258,"column":53}},"line":258}},"branchMap":{"0":{"loc":{"start":{"line":61,"column":6},"end":{"line":69,"column":7}},"type":"if","locations":[{"start":{"line":61,"column":6},"end":{"line":69,"column":7}},{"start":{"line":63,"column":13},"end":{"line":69,"column":7}}],"line":61},"1":{"loc":{"start":{"line":63,"column":13},"end":{"line":69,"column":7}},"type":"if","locations":[{"start":{"line":63,"column":13},"end":{"line":69,"column":7}},{"start":{"line":66,"column":13},"end":{"line":69,"column":7}}],"line":63},"2":{"loc":{"start":{"line":63,"column":17},"end":{"line":63,"column":52}},"type":"binary-expr","locations":[{"start":{"line":63,"column":17},"end":{"line":63,"column":30}},{"start":{"line":63,"column":34},"end":{"line":63,"column":52}}],"line":63},"3":{"loc":{"start":{"line":92,"column":4},"end":{"line":92,"column":32}},"type":"if","locations":[{"start":{"line":92,"column":4},"end":{"line":92,"column":32}},{"start":{},"end":{}}],"line":92},"4":{"loc":{"start":{"line":123,"column":4},"end":{"line":123,"column":24}},"type":"if","locations":[{"start":{"line":123,"column":4},"end":{"line":123,"column":24}},{"start":{},"end":{}}],"line":123},"5":{"loc":{"start":{"line":129,"column":4},"end":{"line":129,"column":29}},"type":"if","locations":[{"start":{"line":129,"column":4},"end":{"line":129,"column":29}},{"start":{},"end":{}}],"line":129},"6":{"loc":{"start":{"line":131,"column":4},"end":{"line":133,"column":5}},"type":"if","locations":[{"start":{"line":131,"column":4},"end":{"line":133,"column":5}},{"start":{},"end":{}}],"line":131},"7":{"loc":{"start":{"line":137,"column":2},"end":{"line":143,"column":3}},"type":"if","locations":[{"start":{"line":137,"column":2},"end":{"line":143,"column":3}},{"start":{},"end":{}}],"line":137},"8":{"loc":{"start":{"line":151,"column":7},"end":{"line":151,"column":70}},"type":"binary-expr","locations":[{"start":{"line":151,"column":7},"end":{"line":151,"column":12}},{"start":{"line":151,"column":16},"end":{"line":151,"column":70}}],"line":151},"9":{"loc":{"start":{"line":152,"column":7},"end":{"line":152,"column":76}},"type":"binary-expr","locations":[{"start":{"line":152,"column":7},"end":{"line":152,"column":14}},{"start":{"line":152,"column":18},"end":{"line":152,"column":76}}],"line":152},"10":{"loc":{"start":{"line":154,"column":7},"end":{"line":253,"column":7}},"type":"cond-expr","locations":[{"start":{"line":155,"column":8},"end":{"line":166,"column":14}},{"start":{"line":168,"column":8},"end":{"line":252,"column":14}}],"line":154},"11":{"loc":{"start":{"line":154,"column":7},"end":{"line":154,"column":39}},"type":"binary-expr","locations":[{"start":{"line":154,"column":7},"end":{"line":154,"column":15}},{"start":{"line":154,"column":19},"end":{"line":154,"column":39}}],"line":154},"12":{"loc":{"start":{"line":169,"column":11},"end":{"line":251,"column":12}},"type":"binary-expr","locations":[{"start":{"line":169,"column":11},"end":{"line":169,"column":18}},{"start":{"line":169,"column":22},"end":{"line":251,"column":12}}],"line":169},"13":{"loc":{"start":{"line":174,"column":33},"end":{"line":174,"column":72}},"type":"cond-expr","locations":[{"start":{"line":174,"column":51},"end":{"line":174,"column":60}},{"start":{"line":174,"column":63},"end":{"line":174,"column":72}}],"line":174},"14":{"loc":{"start":{"line":200,"column":25},"end":{"line":207,"column":25}},"type":"binary-expr","locations":[{"start":{"line":200,"column":25},"end":{"line":200,"column":40}},{"start":{"line":201,"column":26},"end":{"line":206,"column":32}}],"line":200},"15":{"loc":{"start":{"line":210,"column":23},"end":{"line":221,"column":23}},"type":"binary-expr","locations":[{"start":{"line":210,"column":23},"end":{"line":210,"column":38}},{"start":{"line":211,"column":24},"end":{"line":220,"column":30}}],"line":210},"16":{"loc":{"start":{"line":214,"column":29},"end":{"line":214,"column":84}},"type":"binary-expr","locations":[{"start":{"line":214,"column":29},"end":{"line":214,"column":51}},{"start":{"line":214,"column":55},"end":{"line":214,"column":84}}],"line":214},"17":{"loc":{"start":{"line":215,"column":29},"end":{"line":215,"column":84}},"type":"binary-expr","locations":[{"start":{"line":215,"column":29},"end":{"line":215,"column":51}},{"start":{"line":215,"column":55},"end":{"line":215,"column":84}}],"line":215},"18":{"loc":{"start":{"line":216,"column":29},"end":{"line":216,"column":90}},"type":"binary-expr","locations":[{"start":{"line":216,"column":29},"end":{"line":216,"column":54}},{"start":{"line":216,"column":58},"end":{"line":216,"column":90}}],"line":216},"19":{"loc":{"start":{"line":217,"column":29},"end":{"line":217,"column":83}},"type":"binary-expr","locations":[{"start":{"line":217,"column":29},"end":{"line":217,"column":51}},{"start":{"line":217,"column":55},"end":{"line":217,"column":83}}],"line":217},"20":{"loc":{"start":{"line":218,"column":29},"end":{"line":218,"column":89}},"type":"binary-expr","locations":[{"start":{"line":218,"column":29},"end":{"line":218,"column":48}},{"start":{"line":218,"column":52},"end":{"line":218,"column":89}}],"line":218},"21":{"loc":{"start":{"line":291,"column":13},"end":{"line":291,"column":66}},"type":"cond-expr","locations":[{"start":{"line":291,"column":24},"end":{"line":291,"column":54}},{"start":{"line":291,"column":57},"end":{"line":291,"column":66}}],"line":291}},"s":{"0":33,"1":33,"2":33,"3":33,"4":33,"5":33,"6":33,"7":33,"8":33,"9":17,"10":17,"11":17,"12":17,"13":14,"14":14,"15":12,"16":2,"17":1,"18":1,"19":1,"20":1,"21":2,"22":2,"23":16,"24":33,"25":17,"26":33,"27":0,"28":33,"29":0,"30":0,"31":33,"32":0,"33":0,"34":0,"35":0,"36":0,"37":0,"38":0,"39":0,"40":0,"41":0,"42":0,"43":0,"44":0,"45":0,"46":33,"47":0,"48":0,"49":33,"50":0,"51":33,"52":114,"53":0,"54":114,"55":114,"56":33,"57":104,"58":0,"59":104,"60":104,"61":0,"62":104,"63":33,"64":17,"65":16,"66":0,"67":114,"68":0,"69":0,"70":0},"f":{"0":33,"1":17,"2":17,"3":0,"4":0,"5":0,"6":0,"7":0,"8":0,"9":114,"10":104,"11":0,"12":114,"13":0,"14":0,"15":0},"b":{"0":[12,2],"1":[1,1],"2":[2,1],"3":[0,0],"4":[0,114],"5":[0,104],"6":[0,104],"7":[17,16],"8":[16,4],"9":[16,0],"10":[8,8],"11":[16,16],"12":[8,8],"13":[60,54],"14":[114,104],"15":[114,0],"16":[0,0],"17":[0,0],"18":[0,0],"19":[0,0],"20":[0,0],"21":[0,16]},"_coverageSchema":"1a1c01bbd47fc00a2c39e90264f33305004495a9","hash":"8d5fc3e63df84e96b9823bda415a5c964ceffa3a"}
,"/home/estevan/Documents/workspace/emiteai_project_complete/frontend/src/config/api.ts": {"path":"/home/estevan/Documents/workspace/emiteai_project_complete/frontend/src/config/api.ts","statementMap":{"0":{"start":{"line":2,"column":26},"end":{"line":10,"column":1}},"1":{"start":{"line":13,"column":27},"end":{"line":15,"column":1}},"2":{"start":{"line":14,"column":2},"end":{"line":14,"column":45}},"3":{"start":{"line":18,"column":29},"end":{"line":26,"column":1}},"4":{"start":{"line":19,"column":2},"end":{"line":25,"column":4}}},"fnMap":{"0":{"name":"(anonymous_0)","decl":{"start":{"line":13,"column":27},"end":{"line":13,"column":28}},"loc":{"start":{"line":13,"column":49},"end":{"line":15,"column":1}},"line":13},"1":{"name":"(anonymous_1)","decl":{"start":{"line":18,"column":29},"end":{"line":18,"column":30}},"loc":{"start":{"line":18,"column":35},"end":{"line":26,"column":1}},"line":18}},"branchMap":{"0":{"loc":{"start":{"line":3,"column":12},"end":{"line":3,"column":73}},"type":"binary-expr","locations":[{"start":{"line":3,"column":12},"end":{"line":3,"column":46}},{"start":{"line":3,"column":50},"end":{"line":3,"column":73}}],"line":3}},"s":{"0":5,"1":5,"2":66,"3":5,"4":0},"f":{"0":66,"1":0},"b":{"0":[5,0]},"_coverageSchema":"1a1c01bbd47fc00a2c39e90264f33305004495a9","hash":"ad51dfcc9e53a4954e511cd012d13ba21229f9ed"}
}
