TN:
SF:src/index.tsx
FNF:0
FNH:0
DA:5,0
DA:6,0
LF:2
LH:0
BRF:0
BRH:0
end_of_record
TN:
SF:src/app/App.tsx
FN:8,App
FNF:1
FNH:1
FNDA:7,App
DA:9,7
LF:1
LH:1
BRF:0
BRH:0
end_of_record
TN:
SF:src/app/index.tsx
FNF:0
FNH:0
DA:5,0
DA:6,0
LF:2
LH:0
BRF:0
BRH:0
end_of_record
TN:
SF:src/app/components/Layout.tsx
FN:9,Layout
FNF:1
FNH:1
FNDA:11,Layout
DA:10,11
DA:12,11
LF:2
LH:2
BRDA:24,0,0,11
BRDA:24,0,1,0
BRDA:24,1,0,11
BRDA:24,1,1,11
BRDA:34,2,0,0
BRDA:34,2,1,11
BRDA:44,3,0,0
BRDA:44,3,1,11
BRF:8
BRH:5
end_of_record
TN:
SF:src/app/components/StyledComponents.tsx
FN:205,(anonymous_0)
FN:209,(anonymous_1)
FN:211,(anonymous_2)
FNF:3
FNH:0
FNDA:0,(anonymous_0)
FNDA:0,(anonymous_1)
FNDA:0,(anonymous_2)
DA:5,2
DA:14,2
DA:22,2
DA:34,2
DA:65,2
DA:89,2
DA:95,2
DA:102,2
DA:112,2
DA:122,2
DA:137,2
DA:144,2
DA:158,2
DA:164,2
DA:170,2
DA:192,2
DA:204,2
DA:205,0
DA:209,0
DA:211,0
LF:20
LH:17
BRDA:205,0,0,0
BRDA:205,0,1,0
BRDA:209,1,0,0
BRDA:209,1,1,0
BRDA:211,2,0,0
BRDA:211,2,1,0
BRF:6
BRH:0
end_of_record
TN:
SF:src/app/pages/AuditoriaPage.tsx
FN:43,AuditoriaPage
FN:51,(anonymous_1)
FN:55,(anonymous_2)
FN:76,(anonymous_3)
FN:93,(anonymous_4)
FN:100,(anonymous_5)
FN:105,(anonymous_6)
FN:158,(anonymous_7)
FN:186,(anonymous_8)
FN:196,(anonymous_9)
FN:246,(anonymous_10)
FNF:11
FNH:10
FNDA:30,AuditoriaPage
FNDA:7,(anonymous_1)
FNDA:8,(anonymous_2)
FNDA:2,(anonymous_3)
FNDA:148,(anonymous_4)
FNDA:60,(anonymous_5)
FNDA:60,(anonymous_6)
FNDA:88,(anonymous_7)
FNDA:12,(anonymous_8)
FNDA:0,(anonymous_9)
FNDA:60,(anonymous_10)
DA:44,30
DA:45,30
DA:46,30
DA:47,30
DA:48,30
DA:49,30
DA:51,30
DA:52,7
DA:55,30
DA:56,8
DA:57,8
DA:58,8
DA:61,8
DA:62,7
DA:65,7
DA:66,7
DA:69,1
DA:70,1
DA:72,8
DA:76,30
DA:77,2
DA:78,1
DA:79,1
DA:82,1
DA:83,1
DA:84,1
DA:85,1
DA:87,0
DA:89,1
DA:93,30
DA:94,148
DA:95,64
DA:96,64
DA:97,42
DA:100,30
DA:101,60
DA:102,20
DA:105,30
DA:106,60
DA:109,30
DA:110,7
DA:118,23
DA:159,88
DA:186,12
DA:196,0
DA:247,60
LF:46
LH:44
BRDA:77,0,0,1
BRDA:77,0,1,1
BRDA:94,1,0,84
BRDA:94,1,1,64
BRDA:94,2,0,148
BRDA:94,2,1,148
BRDA:95,3,0,0
BRDA:95,3,1,64
BRDA:95,4,0,64
BRDA:95,4,1,64
BRDA:96,5,0,22
BRDA:96,5,1,42
BRDA:96,6,0,64
BRDA:96,6,1,64
BRDA:101,7,0,40
BRDA:101,7,1,20
BRDA:109,8,0,7
BRDA:109,8,1,23
BRDA:109,9,0,30
BRDA:109,9,1,9
BRDA:124,10,0,23
BRDA:124,10,1,1
BRDA:131,11,0,23
BRDA:131,11,1,22
BRDA:196,12,0,0
BRDA:196,12,1,0
BRDA:227,13,0,2
BRDA:227,13,1,21
BRDA:255,14,0,20
BRDA:255,14,1,40
BRDA:256,15,0,20
BRDA:256,15,1,20
BRDA:257,16,0,0
BRDA:257,16,1,20
BRDA:271,17,0,20
BRDA:271,17,1,40
BRDA:279,18,0,21
BRDA:279,18,1,1
BRF:38
BRH:34
end_of_record
TN:
SF:src/app/pages/CadastroPessoa.tsx
FN:25,CadastroPessoa
FN:39,(anonymous_1)
FN:44,(anonymous_2)
FN:50,(anonymous_3)
FN:59,(anonymous_4)
FN:73,(anonymous_5)
FN:91,(anonymous_6)
FN:122,(anonymous_7)
FN:129,(anonymous_8)
FN:164,(anonymous_9)
FN:170,(anonymous_10)
FN:176,(anonymous_11)
FN:212,(anonymous_12)
FNF:13
FNH:11
FNDA:332,CadastroPessoa
FNDA:90,(anonymous_1)
FNDA:78,(anonymous_2)
FNDA:88,(anonymous_3)
FNDA:55,(anonymous_4)
FNDA:289,(anonymous_5)
FNDA:6,(anonymous_6)
FNDA:72,(anonymous_7)
FNDA:0,(anonymous_8)
FNDA:18,(anonymous_9)
FNDA:7,(anonymous_10)
FNDA:7,(anonymous_11)
FNDA:0,(anonymous_12)
DA:26,332
DA:27,332
DA:28,332
DA:30,332
DA:31,332
DA:32,332
DA:33,332
DA:34,332
DA:35,332
DA:36,332
DA:39,332
DA:40,90
DA:44,332
DA:45,78
DA:46,78
DA:50,332
DA:51,88
DA:59,332
DA:60,55
DA:62,55
DA:63,10
DA:64,45
DA:65,20
DA:66,25
DA:67,20
DA:69,5
DA:73,332
DA:74,289
DA:77,289
DA:78,58
DA:79,58
DA:80,231
DA:81,88
DA:82,88
DA:83,143
DA:84,55
DA:85,55
DA:87,88
DA:91,332
DA:92,6
DA:93,0
DA:96,6
DA:97,6
DA:99,6
DA:100,6
DA:101,6
DA:102,5
DA:105,3
DA:111,3
DA:113,3
DA:114,3
DA:115,3
DA:117,6
DA:122,332
DA:123,72
DA:124,6
DA:129,332
DA:130,0
DA:131,0
DA:133,0
DA:134,0
DA:135,0
DA:138,0
DA:148,0
DA:149,0
DA:156,0
DA:157,0
DA:159,0
DA:164,332
DA:165,18
DA:166,0
DA:170,332
DA:171,7
DA:172,7
DA:173,7
DA:176,7
DA:179,7
DA:180,1
DA:181,1
DA:182,1
DA:185,6
DA:186,0
DA:187,0
DA:188,0
DA:191,6
DA:192,6
DA:206,6
DA:208,0
DA:209,0
DA:212,0
DA:213,0
DA:217,6
DA:218,3
DA:221,3
DA:222,3
DA:225,3
DA:227,3
DA:228,1
DA:230,2
DA:233,6
DA:237,332
LF:101
LH:81
BRDA:62,0,0,10
BRDA:62,0,1,45
BRDA:64,1,0,20
BRDA:64,1,1,25
BRDA:66,2,0,20
BRDA:66,2,1,5
BRDA:77,3,0,58
BRDA:77,3,1,231
BRDA:80,4,0,88
BRDA:80,4,1,143
BRDA:83,5,0,55
BRDA:83,5,1,88
BRDA:92,6,0,0
BRDA:92,6,1,6
BRDA:106,7,0,3
BRDA:106,7,1,0
BRDA:107,8,0,3
BRDA:107,8,1,3
BRDA:107,8,2,0
BRDA:108,9,0,3
BRDA:108,9,1,3
BRDA:108,9,2,0
BRDA:123,10,0,6
BRDA:123,10,1,66
BRDA:139,11,0,0
BRDA:139,11,1,0
BRDA:140,12,0,0
BRDA:140,12,1,0
BRDA:141,13,0,0
BRDA:141,13,1,0
BRDA:142,14,0,0
BRDA:142,14,1,0
BRDA:143,15,0,0
BRDA:143,15,1,0
BRDA:144,16,0,0
BRDA:144,16,1,0
BRDA:148,17,0,0
BRDA:148,17,1,0
BRDA:150,18,0,0
BRDA:150,18,1,0
BRDA:151,19,0,0
BRDA:151,19,1,0
BRDA:152,20,0,0
BRDA:152,20,1,0
BRDA:165,21,0,0
BRDA:165,21,1,18
BRDA:165,22,0,18
BRDA:165,22,1,0
BRDA:179,23,0,1
BRDA:179,23,1,6
BRDA:185,24,0,0
BRDA:185,24,1,6
BRDA:206,25,0,0
BRDA:206,25,1,6
BRDA:206,26,0,6
BRDA:206,26,1,0
BRDA:227,27,0,1
BRDA:227,27,1,2
BRDA:240,28,0,0
BRDA:240,28,1,332
BRDA:243,29,0,332
BRDA:243,29,1,0
BRDA:249,30,0,332
BRDA:249,30,1,14
BRDA:250,31,0,332
BRDA:250,31,1,3
BRDA:252,32,0,0
BRDA:252,32,1,3
BRDA:297,33,0,332
BRDA:297,33,1,6
BRDA:353,34,0,332
BRDA:353,34,1,325
BRDA:353,34,2,319
BRDA:356,35,0,7
BRDA:356,35,1,325
BRDA:359,36,0,0
BRDA:359,36,1,325
BRF:77
BRH:44
end_of_record
TN:
SF:src/app/pages/DownloadCsv.tsx
FN:6,DownloadCsv
FN:12,(anonymous_1)
FN:27,(anonymous_2)
FN:34,(anonymous_3)
FNF:4
FNH:3
FNDA:60,DownloadCsv
FNDA:3,(anonymous_1)
FNDA:0,(anonymous_2)
FNDA:18,(anonymous_3)
DA:7,60
DA:8,60
DA:9,60
DA:10,60
DA:12,60
DA:13,3
DA:14,3
DA:15,3
DA:17,3
DA:18,3
DA:22,2
DA:23,2
DA:25,0
DA:27,2
DA:29,1
DA:30,1
DA:34,60
DA:35,18
DA:36,18
DA:37,18
DA:39,18
DA:40,18
DA:43,18
DA:45,16
DA:46,5
DA:47,5
DA:50,11
DA:51,1
DA:52,1
DA:55,10
DA:56,0
DA:60,10
DA:63,2
DA:65,18
DA:69,60
LF:35
LH:33
BRDA:22,0,0,2
BRDA:22,0,1,0
BRDA:45,1,0,5
BRDA:45,1,1,11
BRDA:50,2,0,1
BRDA:50,2,1,10
BRDA:55,3,0,0
BRDA:55,3,1,10
BRDA:79,4,0,60
BRDA:79,4,1,9
BRDA:80,5,0,60
BRDA:80,5,1,2
BRDA:90,6,0,5
BRDA:90,6,1,55
BRDA:107,7,0,18
BRDA:107,7,1,42
BRF:16
BRH:14
end_of_record
TN:
SF:src/app/pages/ListagemPessoas.tsx
FN:44,ListagemPessoas
FN:54,(anonymous_1)
FN:82,(anonymous_2)
FN:86,(anonymous_3)
FN:91,(anonymous_4)
FN:96,(anonymous_5)
FN:112,(anonymous_6)
FN:121,(anonymous_7)
FN:126,(anonymous_8)
FN:130,(anonymous_9)
FN:136,(anonymous_10)
FN:169,(anonymous_11)
FN:177,(anonymous_12)
FN:238,(anonymous_13)
FN:248,(anonymous_14)
FN:266,(anonymous_15)
FNF:16
FNH:6
FNDA:33,ListagemPessoas
FNDA:17,(anonymous_1)
FNDA:17,(anonymous_2)
FNDA:0,(anonymous_3)
FNDA:0,(anonymous_4)
FNDA:0,(anonymous_5)
FNDA:0,(anonymous_6)
FNDA:0,(anonymous_7)
FNDA:0,(anonymous_8)
FNDA:114,(anonymous_9)
FNDA:104,(anonymous_10)
FNDA:0,(anonymous_11)
FNDA:114,(anonymous_12)
FNDA:0,(anonymous_13)
FNDA:0,(anonymous_14)
FNDA:0,(anonymous_15)
DA:45,33
DA:46,33
DA:47,33
DA:48,33
DA:49,33
DA:50,33
DA:51,33
DA:52,33
DA:54,33
DA:55,17
DA:56,17
DA:58,17
DA:59,17
DA:61,14
DA:62,14
DA:63,12
DA:64,2
DA:66,1
DA:67,1
DA:70,1
DA:71,1
DA:74,2
DA:75,2
DA:76,2
DA:78,16
DA:82,33
DA:83,17
DA:86,33
DA:88,0
DA:91,33
DA:92,0
DA:93,0
DA:96,33
DA:97,0
DA:99,0
DA:100,0
DA:102,0
DA:103,0
DA:104,0
DA:105,0
DA:106,0
DA:109,0
DA:112,0
DA:114,0
DA:115,0
DA:117,0
DA:121,33
DA:122,0
DA:123,0
DA:126,33
DA:127,0
DA:130,33
DA:131,114
DA:132,114
DA:133,114
DA:136,33
DA:137,104
DA:138,104
DA:139,104
DA:140,0
DA:142,104
DA:145,33
DA:146,17
DA:153,16
DA:169,0
DA:178,114
DA:238,0
DA:248,0
DA:266,0
LF:69
LH:45
BRDA:62,0,0,12
BRDA:62,0,1,2
BRDA:64,1,0,1
BRDA:64,1,1,1
BRDA:64,2,0,2
BRDA:64,2,1,1
BRDA:97,3,0,0
BRDA:97,3,1,0
BRDA:131,4,0,0
BRDA:131,4,1,114
BRDA:137,5,0,0
BRDA:137,5,1,104
BRDA:139,6,0,0
BRDA:139,6,1,104
BRDA:145,7,0,17
BRDA:145,7,1,16
BRDA:159,8,0,16
BRDA:159,8,1,4
BRDA:160,9,0,16
BRDA:160,9,1,0
BRDA:162,10,0,8
BRDA:162,10,1,8
BRDA:162,11,0,16
BRDA:162,11,1,16
BRDA:177,12,0,8
BRDA:177,12,1,8
BRDA:182,13,0,60
BRDA:182,13,1,54
BRDA:208,14,0,114
BRDA:208,14,1,104
BRDA:218,15,0,114
BRDA:218,15,1,0
BRDA:222,16,0,0
BRDA:222,16,1,0
BRDA:223,17,0,0
BRDA:223,17,1,0
BRDA:224,18,0,0
BRDA:224,18,1,0
BRDA:225,19,0,0
BRDA:225,19,1,0
BRDA:226,20,0,0
BRDA:226,20,1,0
BRDA:299,21,0,0
BRDA:299,21,1,16
BRF:44
BRH:26
end_of_record
TN:
SF:src/config/api.ts
FN:13,(anonymous_0)
FN:18,(anonymous_1)
FNF:2
FNH:1
FNDA:66,(anonymous_0)
FNDA:0,(anonymous_1)
DA:2,5
DA:13,5
DA:14,66
DA:18,5
DA:19,0
LF:5
LH:4
BRDA:3,0,0,5
BRDA:3,0,1,0
BRF:2
BRH:1
end_of_record
