TN:
SF:src/index.tsx
FNF:0
FNH:0
DA:5,0
DA:6,0
LF:2
LH:0
BRF:0
BRH:0
end_of_record
TN:
SF:src/app/App.tsx
FN:8,App
FNF:1
FNH:1
FNDA:7,App
DA:9,7
LF:1
LH:1
BRF:0
BRH:0
end_of_record
TN:
SF:src/app/index.tsx
FNF:0
FNH:0
DA:5,0
DA:6,0
LF:2
LH:0
BRF:0
BRH:0
end_of_record
TN:
SF:src/app/components/Layout.tsx
FN:9,Layout
FNF:1
FNH:1
FNDA:11,Layout
DA:10,11
DA:12,11
LF:2
LH:2
BRDA:24,0,0,11
BRDA:24,0,1,0
BRDA:24,1,0,11
BRDA:24,1,1,11
BRDA:34,2,0,0
BRDA:34,2,1,11
BRDA:44,3,0,0
BRDA:44,3,1,11
BRF:8
BRH:5
end_of_record
TN:
SF:src/app/components/StyledComponents.tsx
FN:205,(anonymous_0)
FN:209,(anonymous_1)
FN:211,(anonymous_2)
FNF:3
FNH:0
FNDA:0,(anonymous_0)
FNDA:0,(anonymous_1)
FNDA:0,(anonymous_2)
DA:5,2
DA:14,2
DA:22,2
DA:34,2
DA:65,2
DA:89,2
DA:95,2
DA:102,2
DA:112,2
DA:122,2
DA:137,2
DA:144,2
DA:158,2
DA:164,2
DA:170,2
DA:192,2
DA:204,2
DA:205,0
DA:209,0
DA:211,0
LF:20
LH:17
BRDA:205,0,0,0
BRDA:205,0,1,0
BRDA:209,1,0,0
BRDA:209,1,1,0
BRDA:211,2,0,0
BRDA:211,2,1,0
BRF:6
BRH:0
end_of_record
TN:
SF:src/app/pages/AuditoriaPage.tsx
FN:43,AuditoriaPage
FN:51,(anonymous_1)
FN:55,(anonymous_2)
FN:73,(anonymous_3)
FN:90,(anonymous_4)
FN:97,(anonymous_5)
FN:102,(anonymous_6)
FN:155,(anonymous_7)
FN:183,(anonymous_8)
FN:193,(anonymous_9)
FN:243,(anonymous_10)
FNF:11
FNH:10
FNDA:30,AuditoriaPage
FNDA:7,(anonymous_1)
FNDA:8,(anonymous_2)
FNDA:2,(anonymous_3)
FNDA:148,(anonymous_4)
FNDA:60,(anonymous_5)
FNDA:60,(anonymous_6)
FNDA:88,(anonymous_7)
FNDA:12,(anonymous_8)
FNDA:0,(anonymous_9)
FNDA:60,(anonymous_10)
DA:44,30
DA:45,30
DA:46,30
DA:47,30
DA:48,30
DA:49,30
DA:51,30
DA:52,7
DA:55,30
DA:56,8
DA:57,8
DA:58,8
DA:60,8
DA:61,7
DA:63,7
DA:64,7
DA:67,1
DA:69,8
DA:73,30
DA:74,2
DA:75,1
DA:76,1
DA:79,1
DA:80,1
DA:81,1
DA:82,1
DA:84,0
DA:86,1
DA:90,30
DA:91,148
DA:92,64
DA:93,64
DA:94,42
DA:97,30
DA:98,60
DA:99,20
DA:102,30
DA:103,60
DA:106,30
DA:107,7
DA:115,23
DA:156,88
DA:183,12
DA:193,0
DA:244,60
LF:45
LH:43
BRDA:74,0,0,1
BRDA:74,0,1,1
BRDA:91,1,0,84
BRDA:91,1,1,64
BRDA:91,2,0,148
BRDA:91,2,1,148
BRDA:92,3,0,0
BRDA:92,3,1,64
BRDA:92,4,0,64
BRDA:92,4,1,64
BRDA:93,5,0,22
BRDA:93,5,1,42
BRDA:93,6,0,64
BRDA:93,6,1,64
BRDA:98,7,0,40
BRDA:98,7,1,20
BRDA:106,8,0,7
BRDA:106,8,1,23
BRDA:106,9,0,30
BRDA:106,9,1,9
BRDA:121,10,0,23
BRDA:121,10,1,1
BRDA:128,11,0,23
BRDA:128,11,1,22
BRDA:193,12,0,0
BRDA:193,12,1,0
BRDA:224,13,0,2
BRDA:224,13,1,21
BRDA:252,14,0,20
BRDA:252,14,1,40
BRDA:253,15,0,20
BRDA:253,15,1,20
BRDA:254,16,0,0
BRDA:254,16,1,20
BRDA:268,17,0,20
BRDA:268,17,1,40
BRDA:276,18,0,21
BRDA:276,18,1,1
BRF:38
BRH:34
end_of_record
TN:
SF:src/app/pages/CadastroPessoa.tsx
FN:25,CadastroPessoa
FN:38,(anonymous_1)
FN:43,(anonymous_2)
FN:49,(anonymous_3)
FN:58,(anonymous_4)
FN:72,(anonymous_5)
FN:89,(anonymous_6)
FN:117,(anonymous_7)
FN:123,(anonymous_8)
FN:154,(anonymous_9)
FN:160,(anonymous_10)
FN:165,(anonymous_11)
FN:198,(anonymous_12)
FNF:13
FNH:11
FNDA:332,CadastroPessoa
FNDA:90,(anonymous_1)
FNDA:78,(anonymous_2)
FNDA:88,(anonymous_3)
FNDA:55,(anonymous_4)
FNDA:289,(anonymous_5)
FNDA:6,(anonymous_6)
FNDA:72,(anonymous_7)
FNDA:0,(anonymous_8)
FNDA:18,(anonymous_9)
FNDA:7,(anonymous_10)
FNDA:7,(anonymous_11)
FNDA:0,(anonymous_12)
DA:26,332
DA:27,332
DA:28,332
DA:30,332
DA:31,332
DA:32,332
DA:33,332
DA:34,332
DA:35,332
DA:36,332
DA:38,332
DA:39,90
DA:43,332
DA:44,78
DA:45,78
DA:49,332
DA:50,88
DA:58,332
DA:59,55
DA:61,55
DA:62,10
DA:63,45
DA:64,20
DA:65,25
DA:66,20
DA:68,5
DA:72,332
DA:73,289
DA:75,289
DA:76,58
DA:77,58
DA:78,231
DA:79,88
DA:80,88
DA:81,143
DA:82,55
DA:83,55
DA:85,88
DA:89,332
DA:90,6
DA:91,0
DA:94,6
DA:95,6
DA:97,6
DA:98,6
DA:99,6
DA:100,5
DA:102,3
DA:108,3
DA:110,3
DA:111,3
DA:113,6
DA:117,332
DA:118,72
DA:119,6
DA:123,332
DA:124,0
DA:125,0
DA:127,0
DA:128,0
DA:129,0
DA:131,0
DA:140,0
DA:141,0
DA:148,0
DA:150,0
DA:154,332
DA:155,18
DA:156,0
DA:160,332
DA:161,7
DA:162,7
DA:163,7
DA:165,7
DA:167,7
DA:168,1
DA:169,1
DA:170,1
DA:173,6
DA:174,0
DA:175,0
DA:176,0
DA:179,6
DA:180,6
DA:194,6
DA:195,0
DA:196,0
DA:198,0
DA:199,0
DA:202,6
DA:203,3
DA:205,3
DA:206,3
DA:209,3
DA:210,1
DA:212,2
DA:215,6
DA:219,332
LF:98
LH:79
BRDA:61,0,0,10
BRDA:61,0,1,45
BRDA:63,1,0,20
BRDA:63,1,1,25
BRDA:65,2,0,20
BRDA:65,2,1,5
BRDA:75,3,0,58
BRDA:75,3,1,231
BRDA:78,4,0,88
BRDA:78,4,1,143
BRDA:81,5,0,55
BRDA:81,5,1,88
BRDA:90,6,0,0
BRDA:90,6,1,6
BRDA:103,7,0,3
BRDA:103,7,1,0
BRDA:104,8,0,3
BRDA:104,8,1,3
BRDA:104,8,2,0
BRDA:105,9,0,3
BRDA:105,9,1,3
BRDA:105,9,2,0
BRDA:118,10,0,6
BRDA:118,10,1,66
BRDA:132,11,0,0
BRDA:132,11,1,0
BRDA:133,12,0,0
BRDA:133,12,1,0
BRDA:134,13,0,0
BRDA:134,13,1,0
BRDA:135,14,0,0
BRDA:135,14,1,0
BRDA:136,15,0,0
BRDA:136,15,1,0
BRDA:137,16,0,0
BRDA:137,16,1,0
BRDA:140,17,0,0
BRDA:140,17,1,0
BRDA:142,18,0,0
BRDA:142,18,1,0
BRDA:143,19,0,0
BRDA:143,19,1,0
BRDA:144,20,0,0
BRDA:144,20,1,0
BRDA:155,21,0,0
BRDA:155,21,1,18
BRDA:155,22,0,18
BRDA:155,22,1,0
BRDA:167,23,0,1
BRDA:167,23,1,6
BRDA:173,24,0,0
BRDA:173,24,1,6
BRDA:194,25,0,0
BRDA:194,25,1,6
BRDA:194,26,0,6
BRDA:194,26,1,0
BRDA:209,27,0,1
BRDA:209,27,1,2
BRDA:222,28,0,0
BRDA:222,28,1,332
BRDA:225,29,0,332
BRDA:225,29,1,0
BRDA:231,30,0,332
BRDA:231,30,1,14
BRDA:232,31,0,332
BRDA:232,31,1,3
BRDA:234,32,0,0
BRDA:234,32,1,3
BRDA:279,33,0,332
BRDA:279,33,1,6
BRDA:335,34,0,332
BRDA:335,34,1,325
BRDA:335,34,2,319
BRDA:338,35,0,7
BRDA:338,35,1,325
BRDA:341,36,0,0
BRDA:341,36,1,325
BRF:77
BRH:44
end_of_record
TN:
SF:src/app/pages/DownloadCsv.tsx
FN:6,DownloadCsv
FN:12,(anonymous_1)
FN:27,(anonymous_2)
FN:34,(anonymous_3)
FNF:4
FNH:3
FNDA:60,DownloadCsv
FNDA:3,(anonymous_1)
FNDA:0,(anonymous_2)
FNDA:18,(anonymous_3)
DA:7,60
DA:8,60
DA:9,60
DA:10,60
DA:12,60
DA:13,3
DA:14,3
DA:15,3
DA:17,3
DA:18,3
DA:22,2
DA:23,2
DA:25,0
DA:27,2
DA:29,1
DA:30,1
DA:34,60
DA:35,18
DA:36,18
DA:37,18
DA:39,18
DA:40,18
DA:43,18
DA:45,16
DA:46,5
DA:47,5
DA:50,11
DA:51,1
DA:52,1
DA:55,10
DA:56,0
DA:60,10
DA:63,2
DA:65,18
DA:69,60
LF:35
LH:33
BRDA:22,0,0,2
BRDA:22,0,1,0
BRDA:45,1,0,5
BRDA:45,1,1,11
BRDA:50,2,0,1
BRDA:50,2,1,10
BRDA:55,3,0,0
BRDA:55,3,1,10
BRDA:79,4,0,60
BRDA:79,4,1,9
BRDA:80,5,0,60
BRDA:80,5,1,2
BRDA:90,6,0,5
BRDA:90,6,1,55
BRDA:107,7,0,18
BRDA:107,7,1,42
BRF:16
BRH:14
end_of_record
TN:
SF:src/app/pages/ListagemPessoas.tsx
FN:44,ListagemPessoas
FN:54,(anonymous_1)
FN:78,(anonymous_2)
FN:82,(anonymous_3)
FN:86,(anonymous_4)
FN:91,(anonymous_5)
FN:105,(anonymous_6)
FN:113,(anonymous_7)
FN:118,(anonymous_8)
FN:122,(anonymous_9)
FN:128,(anonymous_10)
FN:161,(anonymous_11)
FN:169,(anonymous_12)
FN:230,(anonymous_13)
FN:240,(anonymous_14)
FN:258,(anonymous_15)
FNF:16
FNH:6
FNDA:33,ListagemPessoas
FNDA:17,(anonymous_1)
FNDA:17,(anonymous_2)
FNDA:0,(anonymous_3)
FNDA:0,(anonymous_4)
FNDA:0,(anonymous_5)
FNDA:0,(anonymous_6)
FNDA:0,(anonymous_7)
FNDA:0,(anonymous_8)
FNDA:114,(anonymous_9)
FNDA:104,(anonymous_10)
FNDA:0,(anonymous_11)
FNDA:114,(anonymous_12)
FNDA:0,(anonymous_13)
FNDA:0,(anonymous_14)
FNDA:0,(anonymous_15)
DA:45,33
DA:46,33
DA:47,33
DA:48,33
DA:49,33
DA:50,33
DA:51,33
DA:52,33
DA:54,33
DA:55,17
DA:56,17
DA:58,17
DA:59,17
DA:60,14
DA:61,14
DA:62,12
DA:63,2
DA:64,1
DA:65,1
DA:67,1
DA:68,1
DA:71,2
DA:72,2
DA:74,16
DA:78,33
DA:79,17
DA:82,33
DA:83,0
DA:86,33
DA:87,0
DA:88,0
DA:91,33
DA:92,0
DA:94,0
DA:95,0
DA:97,0
DA:98,0
DA:99,0
DA:100,0
DA:101,0
DA:103,0
DA:105,0
DA:107,0
DA:109,0
DA:113,33
DA:114,0
DA:115,0
DA:118,33
DA:119,0
DA:122,33
DA:123,114
DA:124,114
DA:125,114
DA:128,33
DA:129,104
DA:130,104
DA:131,104
DA:132,0
DA:134,104
DA:137,33
DA:138,17
DA:145,16
DA:161,0
DA:170,114
DA:230,0
DA:240,0
DA:258,0
LF:67
LH:44
BRDA:61,0,0,12
BRDA:61,0,1,2
BRDA:63,1,0,1
BRDA:63,1,1,1
BRDA:63,2,0,2
BRDA:63,2,1,1
BRDA:92,3,0,0
BRDA:92,3,1,0
BRDA:123,4,0,0
BRDA:123,4,1,114
BRDA:129,5,0,0
BRDA:129,5,1,104
BRDA:131,6,0,0
BRDA:131,6,1,104
BRDA:137,7,0,17
BRDA:137,7,1,16
BRDA:151,8,0,16
BRDA:151,8,1,4
BRDA:152,9,0,16
BRDA:152,9,1,0
BRDA:154,10,0,8
BRDA:154,10,1,8
BRDA:154,11,0,16
BRDA:154,11,1,16
BRDA:169,12,0,8
BRDA:169,12,1,8
BRDA:174,13,0,60
BRDA:174,13,1,54
BRDA:200,14,0,114
BRDA:200,14,1,104
BRDA:210,15,0,114
BRDA:210,15,1,0
BRDA:214,16,0,0
BRDA:214,16,1,0
BRDA:215,17,0,0
BRDA:215,17,1,0
BRDA:216,18,0,0
BRDA:216,18,1,0
BRDA:217,19,0,0
BRDA:217,19,1,0
BRDA:218,20,0,0
BRDA:218,20,1,0
BRDA:291,21,0,0
BRDA:291,21,1,16
BRF:44
BRH:26
end_of_record
TN:
SF:src/config/api.ts
FN:13,(anonymous_0)
FN:18,(anonymous_1)
FNF:2
FNH:1
FNDA:66,(anonymous_0)
FNDA:0,(anonymous_1)
DA:2,5
DA:13,5
DA:14,66
DA:18,5
DA:19,0
LF:5
LH:4
BRDA:3,0,0,5
BRDA:3,0,1,0
BRF:2
BRH:1
end_of_record
